
*** Running vivado
    with args -log system_audio_codec_ctrl_0_0.vds -m64 -product Vivado -mode batch -messageDb vivado.pb -notrace -source system_audio_codec_ctrl_0_0.tcl



****** Vivado v2020.2 (64-bit)
  **** SW Build 3064766 on Wed Nov 18 09:12:45 MST 2020
  **** IP Build 3064653 on Wed Nov 18 14:17:31 MST 2020
    ** Copyright 1986-2020 Xilinx, Inc. All Rights Reserved.

source system_audio_codec_ctrl_0_0.tcl -notrace
create_project: Time (s): cpu = 00:00:04 ; elapsed = 00:00:07 . Memory (MB): peak = 1113.082 ; gain = 0.000
INFO: [IP_Flow 19-234] Refreshing IP repositories
INFO: [IP_Flow 19-1700] Loaded user IP repository 'c:/sources/S3_ES_Fall-23/ES_PYNQ_Z2_Ref/ecen427_v0.4/ecen427.ipdefs/digilent_ip'.
INFO: [IP_Flow 19-2313] Loaded Vivado IP repository 'C:/Xilinx/Vivado/2020.2/data/ip'.
Command: synth_design -top system_audio_codec_ctrl_0_0 -part xc7z020clg400-1 -mode out_of_context
Starting synth_design
Attempting to get a license for feature 'Synthesis' and/or device 'xc7z020'
INFO: [Common 17-349] Got license for feature 'Synthesis' and/or device 'xc7z020'
INFO: [Device 21-403] Loading part xc7z020clg400-1
INFO: [Synth 8-7079] Multithreading enabled for synth_design using a maximum of 2 processes.
INFO: [Synth 8-7078] Launching helper process for spawning children vivado processes
INFO: [Synth 8-7075] Helper process launched with PID 4580
---------------------------------------------------------------------------------
Starting RTL Elaboration : Time (s): cpu = 00:00:14 ; elapsed = 00:00:20 . Memory (MB): peak = 1199.008 ; gain = 85.926
---------------------------------------------------------------------------------
INFO: [Synth 8-638] synthesizing module 'system_audio_codec_ctrl_0_0' [c:/sources/S3_ES_Fall-23/ES_PYNQ_Z2_Ref/ecen427_v0.4/ecen427.srcs/sources_1/bd/system/ip/system_audio_codec_ctrl_0_0/synth/system_audio_codec_ctrl_0_0.vhd:86]
	Parameter C_S_AXI_DATA_WIDTH bound to: 32 - type: integer 
	Parameter C_S_AXI_ADDR_WIDTH bound to: 32 - type: integer 
	Parameter C_S_AXI_MIN_SIZE bound to: 32'b00000000000000000000000111111111 
	Parameter C_USE_WSTRB bound to: 0 - type: integer 
	Parameter C_DPHASE_TIMEOUT bound to: 8 - type: integer 
	Parameter C_BASEADDR bound to: 32'b11111111111111111111111111111111 
	Parameter C_HIGHADDR bound to: 32'b00000000000000000000000000000000 
	Parameter C_FAMILY bound to: zynq - type: string 
	Parameter C_NUM_REG bound to: 1 - type: integer 
	Parameter C_NUM_MEM bound to: 1 - type: integer 
	Parameter C_SLV_AWIDTH bound to: 32 - type: integer 
	Parameter C_SLV_DWIDTH bound to: 32 - type: integer 
	Parameter C_CODEC_ADDRESS bound to: 2'b11 
INFO: [Synth 8-3491] module 'i2s_ctrl' declared at 'c:/sources/S3_ES_Fall-23/ES_PYNQ_Z2_Ref/ecen427_v0.4/ecen427.srcs/sources_1/bd/system/ipshared/06b8/src/i2s_ctrl.vhd:108' bound to instance 'U0' of component 'i2s_ctrl' [c:/sources/S3_ES_Fall-23/ES_PYNQ_Z2_Ref/ecen427_v0.4/ecen427.srcs/sources_1/bd/system/ip/system_audio_codec_ctrl_0_0/synth/system_audio_codec_ctrl_0_0.vhd:167]
INFO: [Synth 8-638] synthesizing module 'i2s_ctrl' [c:/sources/S3_ES_Fall-23/ES_PYNQ_Z2_Ref/ecen427_v0.4/ecen427.srcs/sources_1/bd/system/ipshared/06b8/src/i2s_ctrl.vhd:179]
	Parameter C_CODEC_ADDRESS bound to: 2'b11 
	Parameter C_S_AXI_DATA_WIDTH bound to: 32 - type: integer 
	Parameter C_S_AXI_ADDR_WIDTH bound to: 32 - type: integer 
	Parameter C_S_AXI_MIN_SIZE bound to: 511 - type: integer 
	Parameter C_USE_WSTRB bound to: 0 - type: integer 
	Parameter C_DPHASE_TIMEOUT bound to: 8 - type: integer 
	Parameter C_BASEADDR bound to: -1 - type: integer 
	Parameter C_HIGHADDR bound to: 0 - type: integer 
	Parameter C_FAMILY bound to: zynq - type: string 
	Parameter C_NUM_REG bound to: 1 - type: integer 
	Parameter C_NUM_MEM bound to: 1 - type: integer 
	Parameter C_SLV_AWIDTH bound to: 32 - type: integer 
	Parameter C_SLV_DWIDTH bound to: 32 - type: integer 
INFO: [Synth 8-638] synthesizing module 'axi_lite_ipif' [c:/sources/S3_ES_Fall-23/ES_PYNQ_Z2_Ref/ecen427_v0.4/ecen427.srcs/sources_1/bd/system/ipshared/06b8/src/axi_lite_ipif.vhd:240]
	Parameter C_S_AXI_DATA_WIDTH bound to: 32 - type: integer 
	Parameter C_S_AXI_ADDR_WIDTH bound to: 32 - type: integer 
	Parameter C_S_AXI_MIN_SIZE bound to: 511 - type: integer 
	Parameter C_USE_WSTRB bound to: 0 - type: integer 
	Parameter C_DPHASE_TIMEOUT bound to: 8 - type: integer 
	Parameter C_ARD_ADDR_RANGE_ARRAY bound to: 128'b00000000000000000000000000000000111111111111111111111111111111110000000000000000000000000000000000000000000000000000000000000000 
	Parameter C_ARD_NUM_CE_ARRAY bound to: 32'b00000000000000000000000000000101 
	Parameter C_FAMILY bound to: zynq - type: string 
INFO: [Synth 8-638] synthesizing module 'slave_attachment' [c:/sources/S3_ES_Fall-23/ES_PYNQ_Z2_Ref/ecen427_v0.4/ecen427.srcs/sources_1/bd/system/ipshared/06b8/src/slave_attachment.vhd:226]
	Parameter C_ARD_ADDR_RANGE_ARRAY bound to: 128'b00000000000000000000000000000000111111111111111111111111111111110000000000000000000000000000000000000000000000000000000000000000 
	Parameter C_ARD_NUM_CE_ARRAY bound to: 32'b00000000000000000000000000000101 
	Parameter C_IPIF_ABUS_WIDTH bound to: 32 - type: integer 
	Parameter C_IPIF_DBUS_WIDTH bound to: 32 - type: integer 
	Parameter C_S_AXI_MIN_SIZE bound to: 511 - type: integer 
	Parameter C_USE_WSTRB bound to: 0 - type: integer 
	Parameter C_DPHASE_TIMEOUT bound to: 8 - type: integer 
	Parameter C_FAMILY bound to: zynq - type: string 
INFO: [Synth 8-638] synthesizing module 'address_decoder' [c:/sources/S3_ES_Fall-23/ES_PYNQ_Z2_Ref/ecen427_v0.4/ecen427.srcs/sources_1/bd/system/ipshared/06b8/src/address_decoder.vhd:176]
	Parameter C_BUS_AWIDTH bound to: 9 - type: integer 
	Parameter C_S_AXI_MIN_SIZE bound to: 511 - type: integer 
	Parameter C_ARD_ADDR_RANGE_ARRAY bound to: 128'b00000000000000000000000000000000111111111111111111111111111111110000000000000000000000000000000000000000000000000000000000000000 
	Parameter C_ARD_NUM_CE_ARRAY bound to: 32'b00000000000000000000000000000101 
	Parameter C_FAMILY bound to: nofamily - type: string 
INFO: [Synth 8-638] synthesizing module 'pselect_f' [c:/sources/S3_ES_Fall-23/ES_PYNQ_Z2_Ref/ecen427_v0.4/ecen427.srcs/sources_1/bd/system/ipshared/06b8/src/pselect_f.vhd:165]
	Parameter C_AB bound to: 3 - type: integer 
	Parameter C_AW bound to: 3 - type: integer 
	Parameter C_BAR bound to: 3'b000 
	Parameter C_FAMILY bound to: nofamily - type: string 
INFO: [Synth 8-256] done synthesizing module 'pselect_f' (1#1) [c:/sources/S3_ES_Fall-23/ES_PYNQ_Z2_Ref/ecen427_v0.4/ecen427.srcs/sources_1/bd/system/ipshared/06b8/src/pselect_f.vhd:165]
INFO: [Synth 8-638] synthesizing module 'pselect_f__parameterized0' [c:/sources/S3_ES_Fall-23/ES_PYNQ_Z2_Ref/ecen427_v0.4/ecen427.srcs/sources_1/bd/system/ipshared/06b8/src/pselect_f.vhd:165]
	Parameter C_AB bound to: 3 - type: integer 
	Parameter C_AW bound to: 3 - type: integer 
	Parameter C_BAR bound to: 3'b001 
	Parameter C_FAMILY bound to: nofamily - type: string 
INFO: [Synth 8-256] done synthesizing module 'pselect_f__parameterized0' (1#1) [c:/sources/S3_ES_Fall-23/ES_PYNQ_Z2_Ref/ecen427_v0.4/ecen427.srcs/sources_1/bd/system/ipshared/06b8/src/pselect_f.vhd:165]
INFO: [Synth 8-638] synthesizing module 'pselect_f__parameterized1' [c:/sources/S3_ES_Fall-23/ES_PYNQ_Z2_Ref/ecen427_v0.4/ecen427.srcs/sources_1/bd/system/ipshared/06b8/src/pselect_f.vhd:165]
	Parameter C_AB bound to: 3 - type: integer 
	Parameter C_AW bound to: 3 - type: integer 
	Parameter C_BAR bound to: 3'b010 
	Parameter C_FAMILY bound to: nofamily - type: string 
INFO: [Synth 8-256] done synthesizing module 'pselect_f__parameterized1' (1#1) [c:/sources/S3_ES_Fall-23/ES_PYNQ_Z2_Ref/ecen427_v0.4/ecen427.srcs/sources_1/bd/system/ipshared/06b8/src/pselect_f.vhd:165]
INFO: [Synth 8-638] synthesizing module 'pselect_f__parameterized2' [c:/sources/S3_ES_Fall-23/ES_PYNQ_Z2_Ref/ecen427_v0.4/ecen427.srcs/sources_1/bd/system/ipshared/06b8/src/pselect_f.vhd:165]
	Parameter C_AB bound to: 3 - type: integer 
	Parameter C_AW bound to: 3 - type: integer 
	Parameter C_BAR bound to: 3'b011 
	Parameter C_FAMILY bound to: nofamily - type: string 
INFO: [Synth 8-256] done synthesizing module 'pselect_f__parameterized2' (1#1) [c:/sources/S3_ES_Fall-23/ES_PYNQ_Z2_Ref/ecen427_v0.4/ecen427.srcs/sources_1/bd/system/ipshared/06b8/src/pselect_f.vhd:165]
INFO: [Synth 8-638] synthesizing module 'pselect_f__parameterized3' [c:/sources/S3_ES_Fall-23/ES_PYNQ_Z2_Ref/ecen427_v0.4/ecen427.srcs/sources_1/bd/system/ipshared/06b8/src/pselect_f.vhd:165]
	Parameter C_AB bound to: 3 - type: integer 
	Parameter C_AW bound to: 3 - type: integer 
	Parameter C_BAR bound to: 3'b100 
	Parameter C_FAMILY bound to: nofamily - type: string 
INFO: [Synth 8-256] done synthesizing module 'pselect_f__parameterized3' (1#1) [c:/sources/S3_ES_Fall-23/ES_PYNQ_Z2_Ref/ecen427_v0.4/ecen427.srcs/sources_1/bd/system/ipshared/06b8/src/pselect_f.vhd:165]
INFO: [Synth 8-256] done synthesizing module 'address_decoder' (2#1) [c:/sources/S3_ES_Fall-23/ES_PYNQ_Z2_Ref/ecen427_v0.4/ecen427.srcs/sources_1/bd/system/ipshared/06b8/src/address_decoder.vhd:176]
INFO: [Synth 8-226] default block is never used [c:/sources/S3_ES_Fall-23/ES_PYNQ_Z2_Ref/ecen427_v0.4/ecen427.srcs/sources_1/bd/system/ipshared/06b8/src/slave_attachment.vhd:379]
INFO: [Synth 8-256] done synthesizing module 'slave_attachment' (3#1) [c:/sources/S3_ES_Fall-23/ES_PYNQ_Z2_Ref/ecen427_v0.4/ecen427.srcs/sources_1/bd/system/ipshared/06b8/src/slave_attachment.vhd:226]
INFO: [Synth 8-256] done synthesizing module 'axi_lite_ipif' (4#1) [c:/sources/S3_ES_Fall-23/ES_PYNQ_Z2_Ref/ecen427_v0.4/ecen427.srcs/sources_1/bd/system/ipshared/06b8/src/axi_lite_ipif.vhd:240]
INFO: [Synth 8-638] synthesizing module 'user_logic' [c:/sources/S3_ES_Fall-23/ES_PYNQ_Z2_Ref/ecen427_v0.4/ecen427.srcs/sources_1/bd/system/ipshared/06b8/src/user_logic.vhd:131]
	Parameter C_NUM_REG bound to: 5 - type: integer 
	Parameter C_SLV_DWIDTH bound to: 32 - type: integer 
INFO: [Synth 8-3491] module 'iis_deser' declared at 'c:/sources/S3_ES_Fall-23/ES_PYNQ_Z2_Ref/ecen427_v0.4/ecen427.srcs/sources_1/bd/system/ipshared/06b8/src/iis_deser.vhd:24' bound to instance 'Inst_iis_deser' of component 'iis_deser' [c:/sources/S3_ES_Fall-23/ES_PYNQ_Z2_Ref/ecen427_v0.4/ecen427.srcs/sources_1/bd/system/ipshared/06b8/src/user_logic.vhd:232]
INFO: [Synth 8-638] synthesizing module 'iis_deser' [c:/sources/S3_ES_Fall-23/ES_PYNQ_Z2_Ref/ecen427_v0.4/ecen427.srcs/sources_1/bd/system/ipshared/06b8/src/iis_deser.vhd:35]
INFO: [Synth 8-256] done synthesizing module 'iis_deser' (5#1) [c:/sources/S3_ES_Fall-23/ES_PYNQ_Z2_Ref/ecen427_v0.4/ecen427.srcs/sources_1/bd/system/ipshared/06b8/src/iis_deser.vhd:35]
INFO: [Synth 8-3491] module 'iis_ser' declared at 'c:/sources/S3_ES_Fall-23/ES_PYNQ_Z2_Ref/ecen427_v0.4/ecen427.srcs/sources_1/bd/system/ipshared/06b8/src/iis_ser.vhd:24' bound to instance 'Inst_iis_ser' of component 'iis_ser' [c:/sources/S3_ES_Fall-23/ES_PYNQ_Z2_Ref/ecen427_v0.4/ecen427.srcs/sources_1/bd/system/ipshared/06b8/src/user_logic.vhd:253]
INFO: [Synth 8-638] synthesizing module 'iis_ser' [c:/sources/S3_ES_Fall-23/ES_PYNQ_Z2_Ref/ecen427_v0.4/ecen427.srcs/sources_1/bd/system/ipshared/06b8/src/iis_ser.vhd:34]
INFO: [Synth 8-256] done synthesizing module 'iis_ser' (6#1) [c:/sources/S3_ES_Fall-23/ES_PYNQ_Z2_Ref/ecen427_v0.4/ecen427.srcs/sources_1/bd/system/ipshared/06b8/src/iis_ser.vhd:34]
INFO: [Synth 8-3491] module 'fifo' declared at 'c:/sources/S3_ES_Fall-23/ES_PYNQ_Z2_Ref/ecen427_v0.4/ecen427.srcs/sources_1/bd/system/ip/system_audio_codec_ctrl_0_0/src/fifo/synth/fifo.vhd:59' bound to instance 'Inst_fifo_tx_l' of component 'fifo' [c:/sources/S3_ES_Fall-23/ES_PYNQ_Z2_Ref/ecen427_v0.4/ecen427.srcs/sources_1/bd/system/ipshared/06b8/src/user_logic.vhd:264]
INFO: [Synth 8-638] synthesizing module 'fifo' [c:/sources/S3_ES_Fall-23/ES_PYNQ_Z2_Ref/ecen427_v0.4/ecen427.srcs/sources_1/bd/system/ip/system_audio_codec_ctrl_0_0/src/fifo/synth/fifo.vhd:74]
	Parameter C_COMMON_CLOCK bound to: 1 - type: integer 
	Parameter C_SELECT_XPM bound to: 0 - type: integer 
	Parameter C_COUNT_TYPE bound to: 0 - type: integer 
	Parameter C_DATA_COUNT_WIDTH bound to: 10 - type: integer 
	Parameter C_DEFAULT_VALUE bound to: BlankString - type: string 
	Parameter C_DIN_WIDTH bound to: 24 - type: integer 
	Parameter C_DOUT_RST_VAL bound to: 0 - type: string 
	Parameter C_DOUT_WIDTH bound to: 24 - type: integer 
	Parameter C_ENABLE_RLOCS bound to: 0 - type: integer 
	Parameter C_FAMILY bound to: zynq - type: string 
	Parameter C_FULL_FLAGS_RST_VAL bound to: 0 - type: integer 
	Parameter C_HAS_ALMOST_EMPTY bound to: 0 - type: integer 
	Parameter C_HAS_ALMOST_FULL bound to: 0 - type: integer 
	Parameter C_HAS_BACKUP bound to: 0 - type: integer 
	Parameter C_HAS_DATA_COUNT bound to: 1 - type: integer 
	Parameter C_HAS_INT_CLK bound to: 0 - type: integer 
	Parameter C_HAS_MEMINIT_FILE bound to: 0 - type: integer 
	Parameter C_HAS_OVERFLOW bound to: 0 - type: integer 
	Parameter C_HAS_RD_DATA_COUNT bound to: 0 - type: integer 
	Parameter C_HAS_RD_RST bound to: 0 - type: integer 
	Parameter C_HAS_RST bound to: 0 - type: integer 
	Parameter C_HAS_SRST bound to: 1 - type: integer 
	Parameter C_HAS_UNDERFLOW bound to: 0 - type: integer 
	Parameter C_HAS_VALID bound to: 0 - type: integer 
	Parameter C_HAS_WR_ACK bound to: 0 - type: integer 
	Parameter C_HAS_WR_DATA_COUNT bound to: 0 - type: integer 
	Parameter C_HAS_WR_RST bound to: 0 - type: integer 
	Parameter C_IMPLEMENTATION_TYPE bound to: 0 - type: integer 
	Parameter C_INIT_WR_PNTR_VAL bound to: 0 - type: integer 
	Parameter C_MEMORY_TYPE bound to: 1 - type: integer 
	Parameter C_MIF_FILE_NAME bound to: BlankString - type: string 
	Parameter C_OPTIMIZATION_MODE bound to: 0 - type: integer 
	Parameter C_OVERFLOW_LOW bound to: 0 - type: integer 
	Parameter C_PRELOAD_LATENCY bound to: 1 - type: integer 
	Parameter C_PRELOAD_REGS bound to: 0 - type: integer 
	Parameter C_PRIM_FIFO_TYPE bound to: 1kx36 - type: string 
	Parameter C_PROG_EMPTY_THRESH_ASSERT_VAL bound to: 256 - type: integer 
	Parameter C_PROG_EMPTY_THRESH_NEGATE_VAL bound to: 257 - type: integer 
	Parameter C_PROG_EMPTY_TYPE bound to: 1 - type: integer 
	Parameter C_PROG_FULL_THRESH_ASSERT_VAL bound to: 1022 - type: integer 
	Parameter C_PROG_FULL_THRESH_NEGATE_VAL bound to: 1021 - type: integer 
	Parameter C_PROG_FULL_TYPE bound to: 0 - type: integer 
	Parameter C_RD_DATA_COUNT_WIDTH bound to: 10 - type: integer 
	Parameter C_RD_DEPTH bound to: 1024 - type: integer 
	Parameter C_RD_FREQ bound to: 1 - type: integer 
	Parameter C_RD_PNTR_WIDTH bound to: 10 - type: integer 
	Parameter C_UNDERFLOW_LOW bound to: 0 - type: integer 
	Parameter C_USE_DOUT_RST bound to: 1 - type: integer 
	Parameter C_USE_ECC bound to: 0 - type: integer 
	Parameter C_USE_EMBEDDED_REG bound to: 0 - type: integer 
	Parameter C_USE_PIPELINE_REG bound to: 0 - type: integer 
	Parameter C_POWER_SAVING_MODE bound to: 0 - type: integer 
	Parameter C_USE_FIFO16_FLAGS bound to: 0 - type: integer 
	Parameter C_USE_FWFT_DATA_COUNT bound to: 0 - type: integer 
	Parameter C_VALID_LOW bound to: 0 - type: integer 
	Parameter C_WR_ACK_LOW bound to: 0 - type: integer 
	Parameter C_WR_DATA_COUNT_WIDTH bound to: 10 - type: integer 
	Parameter C_WR_DEPTH bound to: 1024 - type: integer 
	Parameter C_WR_FREQ bound to: 1 - type: integer 
	Parameter C_WR_PNTR_WIDTH bound to: 10 - type: integer 
	Parameter C_WR_RESPONSE_LATENCY bound to: 1 - type: integer 
	Parameter C_MSGON_VAL bound to: 1 - type: integer 
	Parameter C_ENABLE_RST_SYNC bound to: 1 - type: integer 
	Parameter C_EN_SAFETY_CKT bound to: 0 - type: integer 
	Parameter C_ERROR_INJECTION_TYPE bound to: 0 - type: integer 
	Parameter C_SYNCHRONIZER_STAGE bound to: 2 - type: integer 
	Parameter C_INTERFACE_TYPE bound to: 0 - type: integer 
	Parameter C_AXI_TYPE bound to: 1 - type: integer 
	Parameter C_HAS_AXI_WR_CHANNEL bound to: 1 - type: integer 
	Parameter C_HAS_AXI_RD_CHANNEL bound to: 1 - type: integer 
	Parameter C_HAS_SLAVE_CE bound to: 0 - type: integer 
	Parameter C_HAS_MASTER_CE bound to: 0 - type: integer 
	Parameter C_ADD_NGC_CONSTRAINT bound to: 0 - type: integer 
	Parameter C_USE_COMMON_OVERFLOW bound to: 0 - type: integer 
	Parameter C_USE_COMMON_UNDERFLOW bound to: 0 - type: integer 
	Parameter C_USE_DEFAULT_SETTINGS bound to: 0 - type: integer 
	Parameter C_AXI_ID_WIDTH bound to: 1 - type: integer 
	Parameter C_AXI_ADDR_WIDTH bound to: 32 - type: integer 
	Parameter C_AXI_DATA_WIDTH bound to: 64 - type: integer 
	Parameter C_AXI_LEN_WIDTH bound to: 8 - type: integer 
	Parameter C_AXI_LOCK_WIDTH bound to: 1 - type: integer 
	Parameter C_HAS_AXI_ID bound to: 0 - type: integer 
	Parameter C_HAS_AXI_AWUSER bound to: 0 - type: integer 
	Parameter C_HAS_AXI_WUSER bound to: 0 - type: integer 
	Parameter C_HAS_AXI_BUSER bound to: 0 - type: integer 
	Parameter C_HAS_AXI_ARUSER bound to: 0 - type: integer 
	Parameter C_HAS_AXI_RUSER bound to: 0 - type: integer 
	Parameter C_AXI_ARUSER_WIDTH bound to: 1 - type: integer 
	Parameter C_AXI_AWUSER_WIDTH bound to: 1 - type: integer 
	Parameter C_AXI_WUSER_WIDTH bound to: 1 - type: integer 
	Parameter C_AXI_BUSER_WIDTH bound to: 1 - type: integer 
	Parameter C_AXI_RUSER_WIDTH bound to: 1 - type: integer 
	Parameter C_HAS_AXIS_TDATA bound to: 1 - type: integer 
	Parameter C_HAS_AXIS_TID bound to: 0 - type: integer 
	Parameter C_HAS_AXIS_TDEST bound to: 0 - type: integer 
	Parameter C_HAS_AXIS_TUSER bound to: 1 - type: integer 
	Parameter C_HAS_AXIS_TREADY bound to: 1 - type: integer 
	Parameter C_HAS_AXIS_TLAST bound to: 0 - type: integer 
	Parameter C_HAS_AXIS_TSTRB bound to: 0 - type: integer 
	Parameter C_HAS_AXIS_TKEEP bound to: 0 - type: integer 
	Parameter C_AXIS_TDATA_WIDTH bound to: 8 - type: integer 
	Parameter C_AXIS_TID_WIDTH bound to: 1 - type: integer 
	Parameter C_AXIS_TDEST_WIDTH bound to: 1 - type: integer 
	Parameter C_AXIS_TUSER_WIDTH bound to: 4 - type: integer 
	Parameter C_AXIS_TSTRB_WIDTH bound to: 1 - type: integer 
	Parameter C_AXIS_TKEEP_WIDTH bound to: 1 - type: integer 
	Parameter C_WACH_TYPE bound to: 0 - type: integer 
	Parameter C_WDCH_TYPE bound to: 0 - type: integer 
	Parameter C_WRCH_TYPE bound to: 0 - type: integer 
	Parameter C_RACH_TYPE bound to: 0 - type: integer 
	Parameter C_RDCH_TYPE bound to: 0 - type: integer 
	Parameter C_AXIS_TYPE bound to: 0 - type: integer 
	Parameter C_IMPLEMENTATION_TYPE_WACH bound to: 2 - type: integer 
	Parameter C_IMPLEMENTATION_TYPE_WDCH bound to: 1 - type: integer 
	Parameter C_IMPLEMENTATION_TYPE_WRCH bound to: 2 - type: integer 
	Parameter C_IMPLEMENTATION_TYPE_RACH bound to: 2 - type: integer 
	Parameter C_IMPLEMENTATION_TYPE_RDCH bound to: 1 - type: integer 
	Parameter C_IMPLEMENTATION_TYPE_AXIS bound to: 1 - type: integer 
	Parameter C_APPLICATION_TYPE_WACH bound to: 0 - type: integer 
	Parameter C_APPLICATION_TYPE_WDCH bound to: 0 - type: integer 
	Parameter C_APPLICATION_TYPE_WRCH bound to: 0 - type: integer 
	Parameter C_APPLICATION_TYPE_RACH bound to: 0 - type: integer 
	Parameter C_APPLICATION_TYPE_RDCH bound to: 0 - type: integer 
	Parameter C_APPLICATION_TYPE_AXIS bound to: 0 - type: integer 
	Parameter C_PRIM_FIFO_TYPE_WACH bound to: 512x36 - type: string 
	Parameter C_PRIM_FIFO_TYPE_WDCH bound to: 1kx36 - type: string 
	Parameter C_PRIM_FIFO_TYPE_WRCH bound to: 512x36 - type: string 
	Parameter C_PRIM_FIFO_TYPE_RACH bound to: 512x36 - type: string 
	Parameter C_PRIM_FIFO_TYPE_RDCH bound to: 1kx36 - type: string 
	Parameter C_PRIM_FIFO_TYPE_AXIS bound to: 1kx18 - type: string 
	Parameter C_USE_ECC_WACH bound to: 0 - type: integer 
	Parameter C_USE_ECC_WDCH bound to: 0 - type: integer 
	Parameter C_USE_ECC_WRCH bound to: 0 - type: integer 
	Parameter C_USE_ECC_RACH bound to: 0 - type: integer 
	Parameter C_USE_ECC_RDCH bound to: 0 - type: integer 
	Parameter C_USE_ECC_AXIS bound to: 0 - type: integer 
	Parameter C_ERROR_INJECTION_TYPE_WACH bound to: 0 - type: integer 
	Parameter C_ERROR_INJECTION_TYPE_WDCH bound to: 0 - type: integer 
	Parameter C_ERROR_INJECTION_TYPE_WRCH bound to: 0 - type: integer 
	Parameter C_ERROR_INJECTION_TYPE_RACH bound to: 0 - type: integer 
	Parameter C_ERROR_INJECTION_TYPE_RDCH bound to: 0 - type: integer 
	Parameter C_ERROR_INJECTION_TYPE_AXIS bound to: 0 - type: integer 
	Parameter C_DIN_WIDTH_WACH bound to: 1 - type: integer 
	Parameter C_DIN_WIDTH_WDCH bound to: 64 - type: integer 
	Parameter C_DIN_WIDTH_WRCH bound to: 2 - type: integer 
	Parameter C_DIN_WIDTH_RACH bound to: 32 - type: integer 
	Parameter C_DIN_WIDTH_RDCH bound to: 64 - type: integer 
	Parameter C_DIN_WIDTH_AXIS bound to: 1 - type: integer 
	Parameter C_WR_DEPTH_WACH bound to: 16 - type: integer 
	Parameter C_WR_DEPTH_WDCH bound to: 1024 - type: integer 
	Parameter C_WR_DEPTH_WRCH bound to: 16 - type: integer 
	Parameter C_WR_DEPTH_RACH bound to: 16 - type: integer 
	Parameter C_WR_DEPTH_RDCH bound to: 1024 - type: integer 
	Parameter C_WR_DEPTH_AXIS bound to: 1024 - type: integer 
	Parameter C_WR_PNTR_WIDTH_WACH bound to: 4 - type: integer 
	Parameter C_WR_PNTR_WIDTH_WDCH bound to: 10 - type: integer 
	Parameter C_WR_PNTR_WIDTH_WRCH bound to: 4 - type: integer 
	Parameter C_WR_PNTR_WIDTH_RACH bound to: 4 - type: integer 
	Parameter C_WR_PNTR_WIDTH_RDCH bound to: 10 - type: integer 
	Parameter C_WR_PNTR_WIDTH_AXIS bound to: 10 - type: integer 
	Parameter C_HAS_DATA_COUNTS_WACH bound to: 0 - type: integer 
	Parameter C_HAS_DATA_COUNTS_WDCH bound to: 0 - type: integer 
	Parameter C_HAS_DATA_COUNTS_WRCH bound to: 0 - type: integer 
	Parameter C_HAS_DATA_COUNTS_RACH bound to: 0 - type: integer 
	Parameter C_HAS_DATA_COUNTS_RDCH bound to: 0 - type: integer 
	Parameter C_HAS_DATA_COUNTS_AXIS bound to: 0 - type: integer 
	Parameter C_HAS_PROG_FLAGS_WACH bound to: 0 - type: integer 
	Parameter C_HAS_PROG_FLAGS_WDCH bound to: 0 - type: integer 
	Parameter C_HAS_PROG_FLAGS_WRCH bound to: 0 - type: integer 
	Parameter C_HAS_PROG_FLAGS_RACH bound to: 0 - type: integer 
	Parameter C_HAS_PROG_FLAGS_RDCH bound to: 0 - type: integer 
	Parameter C_HAS_PROG_FLAGS_AXIS bound to: 0 - type: integer 
	Parameter C_PROG_FULL_TYPE_WACH bound to: 0 - type: integer 
	Parameter C_PROG_FULL_TYPE_WDCH bound to: 0 - type: integer 
	Parameter C_PROG_FULL_TYPE_WRCH bound to: 0 - type: integer 
	Parameter C_PROG_FULL_TYPE_RACH bound to: 0 - type: integer 
	Parameter C_PROG_FULL_TYPE_RDCH bound to: 0 - type: integer 
	Parameter C_PROG_FULL_TYPE_AXIS bound to: 0 - type: integer 
	Parameter C_PROG_FULL_THRESH_ASSERT_VAL_WACH bound to: 1023 - type: integer 
	Parameter C_PROG_FULL_THRESH_ASSERT_VAL_WDCH bound to: 1023 - type: integer 
	Parameter C_PROG_FULL_THRESH_ASSERT_VAL_WRCH bound to: 1023 - type: integer 
	Parameter C_PROG_FULL_THRESH_ASSERT_VAL_RACH bound to: 1023 - type: integer 
	Parameter C_PROG_FULL_THRESH_ASSERT_VAL_RDCH bound to: 1023 - type: integer 
	Parameter C_PROG_FULL_THRESH_ASSERT_VAL_AXIS bound to: 1023 - type: integer 
	Parameter C_PROG_EMPTY_TYPE_WACH bound to: 0 - type: integer 
	Parameter C_PROG_EMPTY_TYPE_WDCH bound to: 0 - type: integer 
	Parameter C_PROG_EMPTY_TYPE_WRCH bound to: 0 - type: integer 
	Parameter C_PROG_EMPTY_TYPE_RACH bound to: 0 - type: integer 
	Parameter C_PROG_EMPTY_TYPE_RDCH bound to: 0 - type: integer 
	Parameter C_PROG_EMPTY_TYPE_AXIS bound to: 0 - type: integer 
	Parameter C_PROG_EMPTY_THRESH_ASSERT_VAL_WACH bound to: 1022 - type: integer 
	Parameter C_PROG_EMPTY_THRESH_ASSERT_VAL_WDCH bound to: 1022 - type: integer 
	Parameter C_PROG_EMPTY_THRESH_ASSERT_VAL_WRCH bound to: 1022 - type: integer 
	Parameter C_PROG_EMPTY_THRESH_ASSERT_VAL_RACH bound to: 1022 - type: integer 
	Parameter C_PROG_EMPTY_THRESH_ASSERT_VAL_RDCH bound to: 1022 - type: integer 
	Parameter C_PROG_EMPTY_THRESH_ASSERT_VAL_AXIS bound to: 1022 - type: integer 
	Parameter C_REG_SLICE_MODE_WACH bound to: 0 - type: integer 
	Parameter C_REG_SLICE_MODE_WDCH bound to: 0 - type: integer 
	Parameter C_REG_SLICE_MODE_WRCH bound to: 0 - type: integer 
	Parameter C_REG_SLICE_MODE_RACH bound to: 0 - type: integer 
	Parameter C_REG_SLICE_MODE_RDCH bound to: 0 - type: integer 
	Parameter C_REG_SLICE_MODE_AXIS bound to: 0 - type: integer 
INFO: [Synth 8-3491] module 'fifo_generator_v13_2_5' declared at 'c:/sources/S3_ES_Fall-23/ES_PYNQ_Z2_Ref/ecen427_v0.4/ecen427.srcs/sources_1/bd/system/ip/system_audio_codec_ctrl_0_0/src/fifo/hdl/fifo_generator_v13_2_vhsyn_rfs.vhd:38604' bound to instance 'U0' of component 'fifo_generator_v13_2_5' [c:/sources/S3_ES_Fall-23/ES_PYNQ_Z2_Ref/ecen427_v0.4/ecen427.srcs/sources_1/bd/system/ip/system_audio_codec_ctrl_0_0/src/fifo/synth/fifo.vhd:542]
INFO: [Synth 8-256] done synthesizing module 'fifo' (33#1) [c:/sources/S3_ES_Fall-23/ES_PYNQ_Z2_Ref/ecen427_v0.4/ecen427.srcs/sources_1/bd/system/ip/system_audio_codec_ctrl_0_0/src/fifo/synth/fifo.vhd:74]
INFO: [Synth 8-3491] module 'fifo' declared at 'c:/sources/S3_ES_Fall-23/ES_PYNQ_Z2_Ref/ecen427_v0.4/ecen427.srcs/sources_1/bd/system/ip/system_audio_codec_ctrl_0_0/src/fifo/synth/fifo.vhd:59' bound to instance 'Inst_fifo_tx_r' of component 'fifo' [c:/sources/S3_ES_Fall-23/ES_PYNQ_Z2_Ref/ecen427_v0.4/ecen427.srcs/sources_1/bd/system/ipshared/06b8/src/user_logic.vhd:277]
WARNING: [Synth 8-614] signal 'tx_datacount_l' is read in the process but is not in the sensitivity list [c:/sources/S3_ES_Fall-23/ES_PYNQ_Z2_Ref/ecen427_v0.4/ecen427.srcs/sources_1/bd/system/ipshared/06b8/src/user_logic.vhd:372]
WARNING: [Synth 8-614] signal 'tx_datacount_r' is read in the process but is not in the sensitivity list [c:/sources/S3_ES_Fall-23/ES_PYNQ_Z2_Ref/ecen427_v0.4/ecen427.srcs/sources_1/bd/system/ipshared/06b8/src/user_logic.vhd:372]
WARNING: [Synth 8-614] signal 'intr_enable' is read in the process but is not in the sensitivity list [c:/sources/S3_ES_Fall-23/ES_PYNQ_Z2_Ref/ecen427_v0.4/ecen427.srcs/sources_1/bd/system/ipshared/06b8/src/user_logic.vhd:372]
INFO: [Synth 8-256] done synthesizing module 'user_logic' (34#1) [c:/sources/S3_ES_Fall-23/ES_PYNQ_Z2_Ref/ecen427_v0.4/ecen427.srcs/sources_1/bd/system/ipshared/06b8/src/user_logic.vhd:131]
INFO: [Synth 8-256] done synthesizing module 'i2s_ctrl' (35#1) [c:/sources/S3_ES_Fall-23/ES_PYNQ_Z2_Ref/ecen427_v0.4/ecen427.srcs/sources_1/bd/system/ipshared/06b8/src/i2s_ctrl.vhd:179]
INFO: [Synth 8-256] done synthesizing module 'system_audio_codec_ctrl_0_0' (36#1) [c:/sources/S3_ES_Fall-23/ES_PYNQ_Z2_Ref/ecen427_v0.4/ecen427.srcs/sources_1/bd/system/ip/system_audio_codec_ctrl_0_0/synth/system_audio_codec_ctrl_0_0.vhd:86]
---------------------------------------------------------------------------------
Finished RTL Elaboration : Time (s): cpu = 00:00:43 ; elapsed = 00:00:50 . Memory (MB): peak = 1557.090 ; gain = 444.008
---------------------------------------------------------------------------------
---------------------------------------------------------------------------------
Start Handling Custom Attributes
---------------------------------------------------------------------------------
---------------------------------------------------------------------------------
Finished Handling Custom Attributes : Time (s): cpu = 00:00:44 ; elapsed = 00:00:51 . Memory (MB): peak = 1557.090 ; gain = 444.008
---------------------------------------------------------------------------------
---------------------------------------------------------------------------------
Finished RTL Optimization Phase 1 : Time (s): cpu = 00:00:44 ; elapsed = 00:00:51 . Memory (MB): peak = 1557.090 ; gain = 444.008
---------------------------------------------------------------------------------
Netlist sorting complete. Time (s): cpu = 00:00:00 ; elapsed = 00:00:00.220 . Memory (MB): peak = 1557.090 ; gain = 0.000
INFO: [Netlist 29-17] Analyzing 42 Unisim elements for replacement
INFO: [Netlist 29-28] Unisim Transformation completed in 0 CPU seconds
INFO: [Project 1-570] Preparing netlist for logic optimization

Processing XDC Constraints
Initializing timing engine
Parsing XDC File [c:/sources/S3_ES_Fall-23/ES_PYNQ_Z2_Ref/ecen427_v0.4/ecen427.srcs/sources_1/bd/system/ip/system_audio_codec_ctrl_0_0/src/fifo/fifo.xdc] for cell 'U0/USER_LOGIC_I/Inst_fifo_tx_l/U0'
Finished Parsing XDC File [c:/sources/S3_ES_Fall-23/ES_PYNQ_Z2_Ref/ecen427_v0.4/ecen427.srcs/sources_1/bd/system/ip/system_audio_codec_ctrl_0_0/src/fifo/fifo.xdc] for cell 'U0/USER_LOGIC_I/Inst_fifo_tx_l/U0'
Parsing XDC File [c:/sources/S3_ES_Fall-23/ES_PYNQ_Z2_Ref/ecen427_v0.4/ecen427.srcs/sources_1/bd/system/ip/system_audio_codec_ctrl_0_0/src/fifo/fifo.xdc] for cell 'U0/USER_LOGIC_I/Inst_fifo_tx_r/U0'
Finished Parsing XDC File [c:/sources/S3_ES_Fall-23/ES_PYNQ_Z2_Ref/ecen427_v0.4/ecen427.srcs/sources_1/bd/system/ip/system_audio_codec_ctrl_0_0/src/fifo/fifo.xdc] for cell 'U0/USER_LOGIC_I/Inst_fifo_tx_r/U0'
Parsing XDC File [C:/sources/S3_ES_Fall-23/ES_PYNQ_Z2_Ref/ecen427_v0.4/ecen427.runs/system_audio_codec_ctrl_0_0_synth_1/dont_touch.xdc]
Finished Parsing XDC File [C:/sources/S3_ES_Fall-23/ES_PYNQ_Z2_Ref/ecen427_v0.4/ecen427.runs/system_audio_codec_ctrl_0_0_synth_1/dont_touch.xdc]
INFO: [Project 1-236] Implementation specific constraints were found while reading constraint file [C:/sources/S3_ES_Fall-23/ES_PYNQ_Z2_Ref/ecen427_v0.4/ecen427.runs/system_audio_codec_ctrl_0_0_synth_1/dont_touch.xdc]. These constraints will be ignored for synthesis but will be used in implementation. Impacted constraints are listed in the file [.Xil/system_audio_codec_ctrl_0_0_propImpl.xdc].
Resolution: To avoid this warning, move constraints listed in [.Xil/system_audio_codec_ctrl_0_0_propImpl.xdc] to another XDC file and exclude this new file from synthesis with the used_in_synthesis property (File Properties dialog in GUI) and re-run elaboration/synthesis.
Completed Processing XDC Constraints

Netlist sorting complete. Time (s): cpu = 00:00:00 ; elapsed = 00:00:00.002 . Memory (MB): peak = 1557.090 ; gain = 0.000
INFO: [Project 1-111] Unisim Transformation Summary:
No Unisim elements were transformed.

Constraint Validation Runtime : Time (s): cpu = 00:00:00 ; elapsed = 00:00:00.161 . Memory (MB): peak = 1557.090 ; gain = 0.000
---------------------------------------------------------------------------------
Finished Constraint Validation : Time (s): cpu = 00:00:57 ; elapsed = 00:01:05 . Memory (MB): peak = 1557.090 ; gain = 444.008
---------------------------------------------------------------------------------
---------------------------------------------------------------------------------
Start Loading Part and Timing Information
---------------------------------------------------------------------------------
Loading part: xc7z020clg400-1
---------------------------------------------------------------------------------
Finished Loading Part and Timing Information : Time (s): cpu = 00:00:57 ; elapsed = 00:01:05 . Memory (MB): peak = 1557.090 ; gain = 444.008
---------------------------------------------------------------------------------
---------------------------------------------------------------------------------
Start Applying 'set_property' XDC Constraints
---------------------------------------------------------------------------------
Applied set_property KEEP_HIERARCHY = SOFT for U0/USER_LOGIC_I/Inst_fifo_tx_l/U0. (constraint file  C:/sources/S3_ES_Fall-23/ES_PYNQ_Z2_Ref/ecen427_v0.4/ecen427.runs/system_audio_codec_ctrl_0_0_synth_1/dont_touch.xdc, line 11).
Applied set_property KEEP_HIERARCHY = SOFT for U0/USER_LOGIC_I/Inst_fifo_tx_r/U0. (constraint file  C:/sources/S3_ES_Fall-23/ES_PYNQ_Z2_Ref/ecen427_v0.4/ecen427.runs/system_audio_codec_ctrl_0_0_synth_1/dont_touch.xdc, line 11).
Applied set_property KEEP_HIERARCHY = SOFT for U0/USER_LOGIC_I/Inst_fifo_tx_l. (constraint file  auto generated constraint).
Applied set_property KEEP_HIERARCHY = SOFT for U0/USER_LOGIC_I/Inst_fifo_tx_r. (constraint file  auto generated constraint).
---------------------------------------------------------------------------------
Finished applying 'set_property' XDC Constraints : Time (s): cpu = 00:00:57 ; elapsed = 00:01:06 . Memory (MB): peak = 1557.090 ; gain = 444.008
---------------------------------------------------------------------------------
INFO: [Synth 8-802] inferred FSM for state register 'state_reg' in module 'slave_attachment'
INFO: [Synth 8-802] inferred FSM for state register 'iis_state_reg' in module 'iis_deser'
INFO: [Synth 8-802] inferred FSM for state register 'iis_state_reg' in module 'iis_ser'
---------------------------------------------------------------------------------------------------
                   State |                     New Encoding |                Previous Encoding 
---------------------------------------------------------------------------------------------------
                 sm_idle |                             0010 |                               00
                 sm_read |                             1000 |                               01
                sm_write |                             0100 |                               10
                 sm_resp |                             0001 |                               11
---------------------------------------------------------------------------------------------------
INFO: [Synth 8-3354] encoded FSM with state register 'state_reg' using encoding 'one-hot' in module 'slave_attachment'
---------------------------------------------------------------------------------------------------
                   State |                     New Encoding |                Previous Encoding 
---------------------------------------------------------------------------------------------------
                   reset |                          0000001 |                              000
               wait_left |                          0000100 |                              001
               skip_left |                          1000000 |                              010
               read_left |                          0100000 |                              011
              wait_right |                          0010000 |                              100
              skip_right |                          0001000 |                              101
              read_right |                          0000010 |                              110
---------------------------------------------------------------------------------------------------
INFO: [Synth 8-3354] encoded FSM with state register 'iis_state_reg' using encoding 'one-hot' in module 'iis_deser'
---------------------------------------------------------------------------------------------------
                   State |                     New Encoding |                Previous Encoding 
---------------------------------------------------------------------------------------------------
                   reset |                            00001 |                              000
               wait_left |                            00100 |                              001
              write_left |                            10000 |                              010
              wait_right |                            01000 |                              011
             write_right |                            00010 |                              100
---------------------------------------------------------------------------------------------------
INFO: [Synth 8-3354] encoded FSM with state register 'iis_state_reg' using encoding 'one-hot' in module 'iis_ser'
---------------------------------------------------------------------------------
Finished RTL Optimization Phase 2 : Time (s): cpu = 00:00:59 ; elapsed = 00:01:07 . Memory (MB): peak = 1557.090 ; gain = 444.008
---------------------------------------------------------------------------------
---------------------------------------------------------------------------------
Start RTL Component Statistics 
---------------------------------------------------------------------------------
Detailed RTL Component Info : 
+---Adders : 
	   2 Input   11 Bit       Adders := 3     
	   2 Input   10 Bit       Adders := 6     
	   2 Input    5 Bit       Adders := 2     
	   2 Input    4 Bit       Adders := 1     
+---XORs : 
	   2 Input      1 Bit         XORs := 82    
+---Registers : 
	               32 Bit    Registers := 3     
	               24 Bit    Registers := 6     
	               11 Bit    Registers := 3     
	               10 Bit    Registers := 10    
	                5 Bit    Registers := 2     
	                4 Bit    Registers := 1     
	                2 Bit    Registers := 2     
	                1 Bit    Registers := 33    
+---Muxes : 
	   2 Input   32 Bit        Muxes := 3     
	   4 Input   32 Bit        Muxes := 2     
	   2 Input   24 Bit        Muxes := 2     
	   2 Input    9 Bit        Muxes := 1     
	   7 Input    7 Bit        Muxes := 1     
	   2 Input    7 Bit        Muxes := 6     
	   5 Input    5 Bit        Muxes := 1     
	   2 Input    5 Bit        Muxes := 4     
	   4 Input    4 Bit        Muxes := 1     
	   2 Input    4 Bit        Muxes := 5     
	   2 Input    2 Bit        Muxes := 2     
	   2 Input    1 Bit        Muxes := 26    
	   7 Input    1 Bit        Muxes := 1     
	   5 Input    1 Bit        Muxes := 1     
	   4 Input    1 Bit        Muxes := 3     
---------------------------------------------------------------------------------
Finished RTL Component Statistics 
---------------------------------------------------------------------------------
---------------------------------------------------------------------------------
Start Part Resource Summary
---------------------------------------------------------------------------------
Part Resources:
DSPs: 220 (col length:60)
BRAMs: 280 (col length: RAMB18 60 RAMB36 30)
---------------------------------------------------------------------------------
Finished Part Resource Summary
---------------------------------------------------------------------------------
---------------------------------------------------------------------------------
Start Cross Boundary and Area Optimization
---------------------------------------------------------------------------------
---------------------------------------------------------------------------------
Finished Cross Boundary and Area Optimization : Time (s): cpu = 00:01:03 ; elapsed = 00:01:11 . Memory (MB): peak = 1557.090 ; gain = 444.008
---------------------------------------------------------------------------------
---------------------------------------------------------------------------------
Start Applying XDC Timing Constraints
---------------------------------------------------------------------------------
---------------------------------------------------------------------------------
Finished Applying XDC Timing Constraints : Time (s): cpu = 00:01:13 ; elapsed = 00:01:21 . Memory (MB): peak = 1557.090 ; gain = 444.008
---------------------------------------------------------------------------------
---------------------------------------------------------------------------------
Start Timing Optimization
---------------------------------------------------------------------------------
---------------------------------------------------------------------------------
Finished Timing Optimization : Time (s): cpu = 00:01:13 ; elapsed = 00:01:22 . Memory (MB): peak = 1557.090 ; gain = 444.008
---------------------------------------------------------------------------------
---------------------------------------------------------------------------------
Start Technology Mapping
---------------------------------------------------------------------------------
---------------------------------------------------------------------------------
Finished Technology Mapping : Time (s): cpu = 00:01:13 ; elapsed = 00:01:22 . Memory (MB): peak = 1557.090 ; gain = 444.008
---------------------------------------------------------------------------------
---------------------------------------------------------------------------------
Start IO Insertion
---------------------------------------------------------------------------------
---------------------------------------------------------------------------------
Start Flattening Before IO Insertion
---------------------------------------------------------------------------------
---------------------------------------------------------------------------------
Finished Flattening Before IO Insertion
---------------------------------------------------------------------------------
---------------------------------------------------------------------------------
Start Final Netlist Cleanup
---------------------------------------------------------------------------------
---------------------------------------------------------------------------------
Finished Final Netlist Cleanup
---------------------------------------------------------------------------------
---------------------------------------------------------------------------------
Finished IO Insertion : Time (s): cpu = 00:01:21 ; elapsed = 00:01:30 . Memory (MB): peak = 1557.090 ; gain = 444.008
---------------------------------------------------------------------------------
---------------------------------------------------------------------------------
Start Renaming Generated Instances
---------------------------------------------------------------------------------
---------------------------------------------------------------------------------
Finished Renaming Generated Instances : Time (s): cpu = 00:01:21 ; elapsed = 00:01:30 . Memory (MB): peak = 1557.090 ; gain = 444.008
---------------------------------------------------------------------------------
---------------------------------------------------------------------------------
Start Rebuilding User Hierarchy
---------------------------------------------------------------------------------
---------------------------------------------------------------------------------
Finished Rebuilding User Hierarchy : Time (s): cpu = 00:01:21 ; elapsed = 00:01:30 . Memory (MB): peak = 1557.090 ; gain = 444.008
---------------------------------------------------------------------------------
---------------------------------------------------------------------------------
Start Renaming Generated Ports
---------------------------------------------------------------------------------
---------------------------------------------------------------------------------
Finished Renaming Generated Ports : Time (s): cpu = 00:01:21 ; elapsed = 00:01:30 . Memory (MB): peak = 1557.090 ; gain = 444.008
---------------------------------------------------------------------------------
---------------------------------------------------------------------------------
Start Handling Custom Attributes
---------------------------------------------------------------------------------
---------------------------------------------------------------------------------
Finished Handling Custom Attributes : Time (s): cpu = 00:01:21 ; elapsed = 00:01:31 . Memory (MB): peak = 1557.090 ; gain = 444.008
---------------------------------------------------------------------------------
---------------------------------------------------------------------------------
Start Renaming Generated Nets
---------------------------------------------------------------------------------
---------------------------------------------------------------------------------
Finished Renaming Generated Nets : Time (s): cpu = 00:01:21 ; elapsed = 00:01:31 . Memory (MB): peak = 1557.090 ; gain = 444.008
---------------------------------------------------------------------------------
---------------------------------------------------------------------------------
Start Writing Synthesis Report
---------------------------------------------------------------------------------

Report BlackBoxes: 
+-+--------------+----------+
| |BlackBox name |Instances |
+-+--------------+----------+
+-+--------------+----------+

Report Cell Usage: 
+------+---------+------+
|      |Cell     |Count |
+------+---------+------+
|1     |CARRY4   |    12|
|2     |LUT1     |    19|
|3     |LUT2     |    64|
|4     |LUT3     |    27|
|5     |LUT4     |    64|
|6     |LUT5     |    97|
|7     |LUT6     |    70|
|8     |MUXCY    |    40|
|9     |RAMB36E1 |     2|
|10    |FDRE     |   430|
|11    |FDSE     |     1|
+------+---------+------+
---------------------------------------------------------------------------------
Finished Writing Synthesis Report : Time (s): cpu = 00:01:21 ; elapsed = 00:01:31 . Memory (MB): peak = 1557.090 ; gain = 444.008
---------------------------------------------------------------------------------
Synthesis finished with 0 errors, 0 critical warnings and 0 warnings.
Synthesis Optimization Runtime : Time (s): cpu = 00:00:33 ; elapsed = 00:01:26 . Memory (MB): peak = 1557.090 ; gain = 444.008
Synthesis Optimization Complete : Time (s): cpu = 00:01:22 ; elapsed = 00:01:31 . Memory (MB): peak = 1557.090 ; gain = 444.008
INFO: [Project 1-571] Translating synthesized netlist
Netlist sorting complete. Time (s): cpu = 00:00:00 ; elapsed = 00:00:00.067 . Memory (MB): peak = 1557.090 ; gain = 0.000
INFO: [Netlist 29-17] Analyzing 54 Unisim elements for replacement
INFO: [Netlist 29-28] Unisim Transformation completed in 0 CPU seconds
INFO: [Project 1-570] Preparing netlist for logic optimization
INFO: [Opt 31-138] Pushed 0 inverter(s) to 0 load pin(s).
Netlist sorting complete. Time (s): cpu = 00:00:00 ; elapsed = 00:00:00.001 . Memory (MB): peak = 1557.090 ; gain = 0.000
INFO: [Project 1-111] Unisim Transformation Summary:
  A total of 16 instances were transformed.
  (MUXCY,XORCY) => CARRY4: 16 instances

INFO: [Common 17-83] Releasing license: Synthesis
61 Infos, 3 Warnings, 0 Critical Warnings and 0 Errors encountered.
synth_design completed successfully
synth_design: Time (s): cpu = 00:01:32 ; elapsed = 00:01:44 . Memory (MB): peak = 1557.090 ; gain = 444.008
INFO: [Common 17-1381] The checkpoint 'C:/sources/S3_ES_Fall-23/ES_PYNQ_Z2_Ref/ecen427_v0.4/ecen427.runs/system_audio_codec_ctrl_0_0_synth_1/system_audio_codec_ctrl_0_0.dcp' has been generated.
WARNING: [Common 17-576] 'use_project_ipc' is deprecated. This option is deprecated and no longer used.
INFO: [Coretcl 2-1648] Added synthesis output to IP cache for IP system_audio_codec_ctrl_0_0, cache-ID = 619d957b37ff4f88
INFO: [Coretcl 2-1174] Renamed 59 cell refs.
INFO: [Common 17-1381] The checkpoint 'C:/sources/S3_ES_Fall-23/ES_PYNQ_Z2_Ref/ecen427_v0.4/ecen427.runs/system_audio_codec_ctrl_0_0_synth_1/system_audio_codec_ctrl_0_0.dcp' has been generated.
INFO: [runtcl-4] Executing : report_utilization -file system_audio_codec_ctrl_0_0_utilization_synth.rpt -pb system_audio_codec_ctrl_0_0_utilization_synth.pb
INFO: [Common 17-206] Exiting Vivado at Mon Aug 28 09:40:10 2023...
