
*** Running vivado
    with args -log system_fit_timer_0_0.vds -m64 -product Vivado -mode batch -messageDb vivado.pb -notrace -source system_fit_timer_0_0.tcl



****** Vivado v2020.2 (64-bit)
  **** SW Build 3064766 on Wed Nov 18 09:12:45 MST 2020
  **** IP Build 3064653 on Wed Nov 18 14:17:31 MST 2020
    ** Copyright 1986-2020 Xilinx, Inc. All Rights Reserved.

source system_fit_timer_0_0.tcl -notrace
create_project: Time (s): cpu = 00:00:03 ; elapsed = 00:00:07 . Memory (MB): peak = 1112.113 ; gain = 0.000
INFO: [IP_Flow 19-234] Refreshing IP repositories
INFO: [IP_Flow 19-1700] Loaded user IP repository 'c:/sources/S3_ES_Fall-23/ES_PYNQ_Z2_Ref/ecen427_v0.4/ecen427.ipdefs/digilent_ip'.
INFO: [IP_Flow 19-2313] Loaded Vivado IP repository 'C:/Xilinx/Vivado/2020.2/data/ip'.
Command: synth_design -top system_fit_timer_0_0 -part xc7z020clg400-1 -mode out_of_context
Starting synth_design
Attempting to get a license for feature 'Synthesis' and/or device 'xc7z020'
INFO: [Common 17-349] Got license for feature 'Synthesis' and/or device 'xc7z020'
INFO: [Device 21-403] Loading part xc7z020clg400-1
INFO: [Synth 8-7079] Multithreading enabled for synth_design using a maximum of 2 processes.
INFO: [Synth 8-7078] Launching helper process for spawning children vivado processes
INFO: [Synth 8-7075] Helper process launched with PID 3948
---------------------------------------------------------------------------------
Starting RTL Elaboration : Time (s): cpu = 00:00:09 ; elapsed = 00:00:15 . Memory (MB): peak = 1196.992 ; gain = 84.879
---------------------------------------------------------------------------------
INFO: [Synth 8-638] synthesizing module 'system_fit_timer_0_0' [c:/sources/S3_ES_Fall-23/ES_PYNQ_Z2_Ref/ecen427_v0.4/ecen427.srcs/sources_1/bd/system/ip/system_fit_timer_0_0/synth/system_fit_timer_0_0.vhd:67]
	Parameter C_FAMILY bound to: zynq - type: string 
	Parameter C_NO_CLOCKS bound to: 1000000 - type: integer 
	Parameter C_INACCURACY bound to: 0 - type: integer 
	Parameter C_EXT_RESET_HIGH bound to: 1 - type: integer 
INFO: [Synth 8-3491] module 'FIT_timer' declared at 'c:/sources/S3_ES_Fall-23/ES_PYNQ_Z2_Ref/ecen427_v0.4/ecen427.srcs/sources_1/bd/system/ipshared/e81b/hdl/fit_timer_v2_0_vh_rfs.vhd:399' bound to instance 'U0' of component 'fit_timer' [c:/sources/S3_ES_Fall-23/ES_PYNQ_Z2_Ref/ecen427_v0.4/ecen427.srcs/sources_1/bd/system/ip/system_fit_timer_0_0/synth/system_fit_timer_0_0.vhd:98]
INFO: [Synth 8-638] synthesizing module 'FIT_timer' [c:/sources/S3_ES_Fall-23/ES_PYNQ_Z2_Ref/ecen427_v0.4/ecen427.srcs/sources_1/bd/system/ipshared/e81b/hdl/fit_timer_v2_0_vh_rfs.vhd:422]
	Parameter C_FAMILY bound to: zynq - type: string 
	Parameter C_NO_CLOCKS bound to: 1000000 - type: integer 
	Parameter C_INACCURACY bound to: 0 - type: integer 
	Parameter C_EXT_RESET_HIGH bound to: 1 - type: integer 
	Parameter Ratio bound to: 16 - type: integer 
	Parameter First bound to: 1 - type: bool 
INFO: [Synth 8-3491] module 'Divide_part' declared at 'c:/sources/S3_ES_Fall-23/ES_PYNQ_Z2_Ref/ecen427_v0.4/ecen427.srcs/sources_1/bd/system/ipshared/e81b/hdl/fit_timer_v2_0_vh_rfs.vhd:90' bound to instance 'Divide_I' of component 'Divide_Part' [c:/sources/S3_ES_Fall-23/ES_PYNQ_Z2_Ref/ecen427_v0.4/ecen427.srcs/sources_1/bd/system/ipshared/e81b/hdl/fit_timer_v2_0_vh_rfs.vhd:719]
INFO: [Synth 8-638] synthesizing module 'Divide_part' [c:/sources/S3_ES_Fall-23/ES_PYNQ_Z2_Ref/ecen427_v0.4/ecen427.srcs/sources_1/bd/system/ipshared/e81b/hdl/fit_timer_v2_0_vh_rfs.vhd:113]
	Parameter Ratio bound to: 16 - type: integer 
	Parameter First bound to: 1 - type: bool 
	Parameter INIT bound to: 16'b0000000000000001 
	Parameter IS_CLK_INVERTED bound to: 1'b0 
INFO: [Synth 8-113] binding component instance 'SRL16E_I' to cell 'SRL16E' [c:/sources/S3_ES_Fall-23/ES_PYNQ_Z2_Ref/ecen427_v0.4/ecen427.srcs/sources_1/bd/system/ipshared/e81b/hdl/fit_timer_v2_0_vh_rfs.vhd:137]
INFO: [Synth 8-256] done synthesizing module 'Divide_part' (1#1) [c:/sources/S3_ES_Fall-23/ES_PYNQ_Z2_Ref/ecen427_v0.4/ecen427.srcs/sources_1/bd/system/ipshared/e81b/hdl/fit_timer_v2_0_vh_rfs.vhd:113]
	Parameter Ratio bound to: 10 - type: integer 
	Parameter First bound to: 0 - type: bool 
INFO: [Synth 8-3491] module 'Divide_part' declared at 'c:/sources/S3_ES_Fall-23/ES_PYNQ_Z2_Ref/ecen427_v0.4/ecen427.srcs/sources_1/bd/system/ipshared/e81b/hdl/fit_timer_v2_0_vh_rfs.vhd:90' bound to instance 'Divide_I' of component 'Divide_Part' [c:/sources/S3_ES_Fall-23/ES_PYNQ_Z2_Ref/ecen427_v0.4/ecen427.srcs/sources_1/bd/system/ipshared/e81b/hdl/fit_timer_v2_0_vh_rfs.vhd:719]
INFO: [Synth 8-638] synthesizing module 'Divide_part__parameterized0' [c:/sources/S3_ES_Fall-23/ES_PYNQ_Z2_Ref/ecen427_v0.4/ecen427.srcs/sources_1/bd/system/ipshared/e81b/hdl/fit_timer_v2_0_vh_rfs.vhd:113]
	Parameter Ratio bound to: 10 - type: integer 
	Parameter First bound to: 0 - type: bool 
	Parameter INIT bound to: 16'b0000000000000001 
	Parameter IS_CLK_INVERTED bound to: 1'b0 
INFO: [Synth 8-113] binding component instance 'SRL16E_I' to cell 'SRL16E' [c:/sources/S3_ES_Fall-23/ES_PYNQ_Z2_Ref/ecen427_v0.4/ecen427.srcs/sources_1/bd/system/ipshared/e81b/hdl/fit_timer_v2_0_vh_rfs.vhd:137]
INFO: [Synth 8-256] done synthesizing module 'Divide_part__parameterized0' (1#1) [c:/sources/S3_ES_Fall-23/ES_PYNQ_Z2_Ref/ecen427_v0.4/ecen427.srcs/sources_1/bd/system/ipshared/e81b/hdl/fit_timer_v2_0_vh_rfs.vhd:113]
	Parameter Ratio bound to: 10 - type: integer 
	Parameter First bound to: 0 - type: bool 
INFO: [Synth 8-3491] module 'Divide_part' declared at 'c:/sources/S3_ES_Fall-23/ES_PYNQ_Z2_Ref/ecen427_v0.4/ecen427.srcs/sources_1/bd/system/ipshared/e81b/hdl/fit_timer_v2_0_vh_rfs.vhd:90' bound to instance 'Divide_I' of component 'Divide_Part' [c:/sources/S3_ES_Fall-23/ES_PYNQ_Z2_Ref/ecen427_v0.4/ecen427.srcs/sources_1/bd/system/ipshared/e81b/hdl/fit_timer_v2_0_vh_rfs.vhd:719]
	Parameter Ratio bound to: 5 - type: integer 
	Parameter First bound to: 0 - type: bool 
INFO: [Synth 8-3491] module 'Divide_part' declared at 'c:/sources/S3_ES_Fall-23/ES_PYNQ_Z2_Ref/ecen427_v0.4/ecen427.srcs/sources_1/bd/system/ipshared/e81b/hdl/fit_timer_v2_0_vh_rfs.vhd:90' bound to instance 'Divide_I' of component 'Divide_Part' [c:/sources/S3_ES_Fall-23/ES_PYNQ_Z2_Ref/ecen427_v0.4/ecen427.srcs/sources_1/bd/system/ipshared/e81b/hdl/fit_timer_v2_0_vh_rfs.vhd:719]
INFO: [Synth 8-638] synthesizing module 'Divide_part__parameterized1' [c:/sources/S3_ES_Fall-23/ES_PYNQ_Z2_Ref/ecen427_v0.4/ecen427.srcs/sources_1/bd/system/ipshared/e81b/hdl/fit_timer_v2_0_vh_rfs.vhd:113]
	Parameter Ratio bound to: 5 - type: integer 
	Parameter First bound to: 0 - type: bool 
	Parameter INIT bound to: 16'b0000000000000001 
	Parameter IS_CLK_INVERTED bound to: 1'b0 
INFO: [Synth 8-113] binding component instance 'SRL16E_I' to cell 'SRL16E' [c:/sources/S3_ES_Fall-23/ES_PYNQ_Z2_Ref/ecen427_v0.4/ecen427.srcs/sources_1/bd/system/ipshared/e81b/hdl/fit_timer_v2_0_vh_rfs.vhd:137]
INFO: [Synth 8-256] done synthesizing module 'Divide_part__parameterized1' (1#1) [c:/sources/S3_ES_Fall-23/ES_PYNQ_Z2_Ref/ecen427_v0.4/ecen427.srcs/sources_1/bd/system/ipshared/e81b/hdl/fit_timer_v2_0_vh_rfs.vhd:113]
	Parameter Ratio bound to: 5 - type: integer 
	Parameter First bound to: 0 - type: bool 
INFO: [Synth 8-3491] module 'Divide_part' declared at 'c:/sources/S3_ES_Fall-23/ES_PYNQ_Z2_Ref/ecen427_v0.4/ecen427.srcs/sources_1/bd/system/ipshared/e81b/hdl/fit_timer_v2_0_vh_rfs.vhd:90' bound to instance 'Divide_I' of component 'Divide_Part' [c:/sources/S3_ES_Fall-23/ES_PYNQ_Z2_Ref/ecen427_v0.4/ecen427.srcs/sources_1/bd/system/ipshared/e81b/hdl/fit_timer_v2_0_vh_rfs.vhd:719]
	Parameter Ratio bound to: 5 - type: integer 
	Parameter First bound to: 0 - type: bool 
INFO: [Synth 8-3491] module 'Divide_part' declared at 'c:/sources/S3_ES_Fall-23/ES_PYNQ_Z2_Ref/ecen427_v0.4/ecen427.srcs/sources_1/bd/system/ipshared/e81b/hdl/fit_timer_v2_0_vh_rfs.vhd:90' bound to instance 'Divide_I' of component 'Divide_Part' [c:/sources/S3_ES_Fall-23/ES_PYNQ_Z2_Ref/ecen427_v0.4/ecen427.srcs/sources_1/bd/system/ipshared/e81b/hdl/fit_timer_v2_0_vh_rfs.vhd:719]
	Parameter Ratio bound to: 5 - type: integer 
	Parameter First bound to: 0 - type: bool 
INFO: [Synth 8-3491] module 'Divide_part' declared at 'c:/sources/S3_ES_Fall-23/ES_PYNQ_Z2_Ref/ecen427_v0.4/ecen427.srcs/sources_1/bd/system/ipshared/e81b/hdl/fit_timer_v2_0_vh_rfs.vhd:90' bound to instance 'Divide_I' of component 'Divide_Part' [c:/sources/S3_ES_Fall-23/ES_PYNQ_Z2_Ref/ecen427_v0.4/ecen427.srcs/sources_1/bd/system/ipshared/e81b/hdl/fit_timer_v2_0_vh_rfs.vhd:719]
INFO: [Synth 8-256] done synthesizing module 'FIT_timer' (2#1) [c:/sources/S3_ES_Fall-23/ES_PYNQ_Z2_Ref/ecen427_v0.4/ecen427.srcs/sources_1/bd/system/ipshared/e81b/hdl/fit_timer_v2_0_vh_rfs.vhd:422]
INFO: [Synth 8-256] done synthesizing module 'system_fit_timer_0_0' (3#1) [c:/sources/S3_ES_Fall-23/ES_PYNQ_Z2_Ref/ecen427_v0.4/ecen427.srcs/sources_1/bd/system/ip/system_fit_timer_0_0/synth/system_fit_timer_0_0.vhd:67]
---------------------------------------------------------------------------------
Finished RTL Elaboration : Time (s): cpu = 00:00:11 ; elapsed = 00:00:17 . Memory (MB): peak = 1253.906 ; gain = 141.793
---------------------------------------------------------------------------------
---------------------------------------------------------------------------------
Start Handling Custom Attributes
---------------------------------------------------------------------------------
---------------------------------------------------------------------------------
Finished Handling Custom Attributes : Time (s): cpu = 00:00:12 ; elapsed = 00:00:18 . Memory (MB): peak = 1271.828 ; gain = 159.715
---------------------------------------------------------------------------------
---------------------------------------------------------------------------------
Finished RTL Optimization Phase 1 : Time (s): cpu = 00:00:12 ; elapsed = 00:00:18 . Memory (MB): peak = 1271.828 ; gain = 159.715
---------------------------------------------------------------------------------
Netlist sorting complete. Time (s): cpu = 00:00:00 ; elapsed = 00:00:00.001 . Memory (MB): peak = 1283.855 ; gain = 0.000
INFO: [Project 1-570] Preparing netlist for logic optimization

Processing XDC Constraints
Initializing timing engine
Parsing XDC File [c:/sources/S3_ES_Fall-23/ES_PYNQ_Z2_Ref/ecen427_v0.4/ecen427.srcs/sources_1/bd/system/ip/system_fit_timer_0_0/system_fit_timer_0_0_ooc.xdc] for cell 'U0'
Finished Parsing XDC File [c:/sources/S3_ES_Fall-23/ES_PYNQ_Z2_Ref/ecen427_v0.4/ecen427.srcs/sources_1/bd/system/ip/system_fit_timer_0_0/system_fit_timer_0_0_ooc.xdc] for cell 'U0'
Parsing XDC File [C:/sources/S3_ES_Fall-23/ES_PYNQ_Z2_Ref/ecen427_v0.4/ecen427.runs/system_fit_timer_0_0_synth_1/dont_touch.xdc]
Finished Parsing XDC File [C:/sources/S3_ES_Fall-23/ES_PYNQ_Z2_Ref/ecen427_v0.4/ecen427.runs/system_fit_timer_0_0_synth_1/dont_touch.xdc]
Completed Processing XDC Constraints

Netlist sorting complete. Time (s): cpu = 00:00:00 ; elapsed = 00:00:00 . Memory (MB): peak = 1381.293 ; gain = 0.000
INFO: [Project 1-111] Unisim Transformation Summary:
No Unisim elements were transformed.

Constraint Validation Runtime : Time (s): cpu = 00:00:00 ; elapsed = 00:00:00.030 . Memory (MB): peak = 1385.270 ; gain = 3.977
---------------------------------------------------------------------------------
Finished Constraint Validation : Time (s): cpu = 00:00:23 ; elapsed = 00:00:29 . Memory (MB): peak = 1385.270 ; gain = 273.156
---------------------------------------------------------------------------------
---------------------------------------------------------------------------------
Start Loading Part and Timing Information
---------------------------------------------------------------------------------
Loading part: xc7z020clg400-1
---------------------------------------------------------------------------------
Finished Loading Part and Timing Information : Time (s): cpu = 00:00:24 ; elapsed = 00:00:29 . Memory (MB): peak = 1385.270 ; gain = 273.156
---------------------------------------------------------------------------------
---------------------------------------------------------------------------------
Start Applying 'set_property' XDC Constraints
---------------------------------------------------------------------------------
Applied set_property KEEP_HIERARCHY = SOFT for U0. (constraint file  C:/sources/S3_ES_Fall-23/ES_PYNQ_Z2_Ref/ecen427_v0.4/ecen427.runs/system_fit_timer_0_0_synth_1/dont_touch.xdc, line 9).
---------------------------------------------------------------------------------
Finished applying 'set_property' XDC Constraints : Time (s): cpu = 00:00:24 ; elapsed = 00:00:29 . Memory (MB): peak = 1385.270 ; gain = 273.156
---------------------------------------------------------------------------------
---------------------------------------------------------------------------------
Finished RTL Optimization Phase 2 : Time (s): cpu = 00:00:24 ; elapsed = 00:00:30 . Memory (MB): peak = 1385.270 ; gain = 273.156
---------------------------------------------------------------------------------
---------------------------------------------------------------------------------
Start RTL Component Statistics 
---------------------------------------------------------------------------------
Detailed RTL Component Info : 
+---Registers : 
	                1 Bit    Registers := 19    
---------------------------------------------------------------------------------
Finished RTL Component Statistics 
---------------------------------------------------------------------------------
---------------------------------------------------------------------------------
Start Part Resource Summary
---------------------------------------------------------------------------------
Part Resources:
DSPs: 220 (col length:60)
BRAMs: 280 (col length: RAMB18 60 RAMB36 30)
---------------------------------------------------------------------------------
Finished Part Resource Summary
---------------------------------------------------------------------------------
---------------------------------------------------------------------------------
Start Cross Boundary and Area Optimization
---------------------------------------------------------------------------------
---------------------------------------------------------------------------------
Finished Cross Boundary and Area Optimization : Time (s): cpu = 00:00:27 ; elapsed = 00:00:33 . Memory (MB): peak = 1385.270 ; gain = 273.156
---------------------------------------------------------------------------------
---------------------------------------------------------------------------------
Start Applying XDC Timing Constraints
---------------------------------------------------------------------------------
---------------------------------------------------------------------------------
Finished Applying XDC Timing Constraints : Time (s): cpu = 00:00:37 ; elapsed = 00:00:43 . Memory (MB): peak = 1385.270 ; gain = 273.156
---------------------------------------------------------------------------------
---------------------------------------------------------------------------------
Start Timing Optimization
---------------------------------------------------------------------------------
---------------------------------------------------------------------------------
Finished Timing Optimization : Time (s): cpu = 00:00:37 ; elapsed = 00:00:43 . Memory (MB): peak = 1385.270 ; gain = 273.156
---------------------------------------------------------------------------------
---------------------------------------------------------------------------------
Start Technology Mapping
---------------------------------------------------------------------------------
---------------------------------------------------------------------------------
Finished Technology Mapping : Time (s): cpu = 00:00:37 ; elapsed = 00:00:43 . Memory (MB): peak = 1385.270 ; gain = 273.156
---------------------------------------------------------------------------------
---------------------------------------------------------------------------------
Start IO Insertion
---------------------------------------------------------------------------------
---------------------------------------------------------------------------------
Start Flattening Before IO Insertion
---------------------------------------------------------------------------------
---------------------------------------------------------------------------------
Finished Flattening Before IO Insertion
---------------------------------------------------------------------------------
---------------------------------------------------------------------------------
Start Final Netlist Cleanup
---------------------------------------------------------------------------------
---------------------------------------------------------------------------------
Finished Final Netlist Cleanup
---------------------------------------------------------------------------------
---------------------------------------------------------------------------------
Finished IO Insertion : Time (s): cpu = 00:00:43 ; elapsed = 00:00:49 . Memory (MB): peak = 1385.270 ; gain = 273.156
---------------------------------------------------------------------------------
---------------------------------------------------------------------------------
Start Renaming Generated Instances
---------------------------------------------------------------------------------
---------------------------------------------------------------------------------
Finished Renaming Generated Instances : Time (s): cpu = 00:00:43 ; elapsed = 00:00:49 . Memory (MB): peak = 1385.270 ; gain = 273.156
---------------------------------------------------------------------------------
---------------------------------------------------------------------------------
Start Rebuilding User Hierarchy
---------------------------------------------------------------------------------
---------------------------------------------------------------------------------
Finished Rebuilding User Hierarchy : Time (s): cpu = 00:00:43 ; elapsed = 00:00:49 . Memory (MB): peak = 1385.270 ; gain = 273.156
---------------------------------------------------------------------------------
---------------------------------------------------------------------------------
Start Renaming Generated Ports
---------------------------------------------------------------------------------
---------------------------------------------------------------------------------
Finished Renaming Generated Ports : Time (s): cpu = 00:00:43 ; elapsed = 00:00:49 . Memory (MB): peak = 1385.270 ; gain = 273.156
---------------------------------------------------------------------------------
---------------------------------------------------------------------------------
Start Handling Custom Attributes
---------------------------------------------------------------------------------
---------------------------------------------------------------------------------
Finished Handling Custom Attributes : Time (s): cpu = 00:00:43 ; elapsed = 00:00:49 . Memory (MB): peak = 1385.270 ; gain = 273.156
---------------------------------------------------------------------------------
---------------------------------------------------------------------------------
Start Renaming Generated Nets
---------------------------------------------------------------------------------
---------------------------------------------------------------------------------
Finished Renaming Generated Nets : Time (s): cpu = 00:00:43 ; elapsed = 00:00:49 . Memory (MB): peak = 1385.270 ; gain = 273.156
---------------------------------------------------------------------------------
---------------------------------------------------------------------------------
Start Writing Synthesis Report
---------------------------------------------------------------------------------

Report BlackBoxes: 
+-+--------------+----------+
| |BlackBox name |Instances |
+-+--------------+----------+
+-+--------------+----------+

Report Cell Usage: 
+------+-------+------+
|      |Cell   |Count |
+------+-------+------+
|1     |LUT3   |    18|
|2     |LUT4   |     1|
|3     |SRL16E |     7|
|4     |FDRE   |    13|
+------+-------+------+
---------------------------------------------------------------------------------
Finished Writing Synthesis Report : Time (s): cpu = 00:00:43 ; elapsed = 00:00:49 . Memory (MB): peak = 1385.270 ; gain = 273.156
---------------------------------------------------------------------------------
Synthesis finished with 0 errors, 0 critical warnings and 0 warnings.
Synthesis Optimization Runtime : Time (s): cpu = 00:00:27 ; elapsed = 00:00:45 . Memory (MB): peak = 1385.270 ; gain = 159.715
Synthesis Optimization Complete : Time (s): cpu = 00:00:43 ; elapsed = 00:00:49 . Memory (MB): peak = 1385.270 ; gain = 273.156
INFO: [Project 1-571] Translating synthesized netlist
Netlist sorting complete. Time (s): cpu = 00:00:00 ; elapsed = 00:00:00.001 . Memory (MB): peak = 1385.270 ; gain = 0.000
INFO: [Project 1-570] Preparing netlist for logic optimization
INFO: [Opt 31-138] Pushed 0 inverter(s) to 0 load pin(s).
Netlist sorting complete. Time (s): cpu = 00:00:00 ; elapsed = 00:00:00 . Memory (MB): peak = 1385.270 ; gain = 0.000
INFO: [Project 1-111] Unisim Transformation Summary:
No Unisim elements were transformed.

INFO: [Common 17-83] Releasing license: Synthesis
36 Infos, 0 Warnings, 0 Critical Warnings and 0 Errors encountered.
synth_design completed successfully
synth_design: Time (s): cpu = 00:00:53 ; elapsed = 00:01:01 . Memory (MB): peak = 1385.270 ; gain = 273.156
INFO: [Common 17-1381] The checkpoint 'C:/sources/S3_ES_Fall-23/ES_PYNQ_Z2_Ref/ecen427_v0.4/ecen427.runs/system_fit_timer_0_0_synth_1/system_fit_timer_0_0.dcp' has been generated.
WARNING: [Common 17-576] 'use_project_ipc' is deprecated. This option is deprecated and no longer used.
INFO: [Coretcl 2-1648] Added synthesis output to IP cache for IP system_fit_timer_0_0, cache-ID = ac8d3064f443e970
INFO: [Coretcl 2-1174] Renamed 8 cell refs.
INFO: [Common 17-1381] The checkpoint 'C:/sources/S3_ES_Fall-23/ES_PYNQ_Z2_Ref/ecen427_v0.4/ecen427.runs/system_fit_timer_0_0_synth_1/system_fit_timer_0_0.dcp' has been generated.
INFO: [runtcl-4] Executing : report_utilization -file system_fit_timer_0_0_utilization_synth.rpt -pb system_fit_timer_0_0_utilization_synth.pb
INFO: [Common 17-206] Exiting Vivado at Mon Aug 28 09:39:26 2023...
