
*** Running vivado
    with args -log system_axis_subset_converter_0_0.vds -m64 -product Vivado -mode batch -messageDb vivado.pb -notrace -source system_axis_subset_converter_0_0.tcl



****** Vivado v2020.2 (64-bit)
  **** SW Build 3064766 on Wed Nov 18 09:12:45 MST 2020
  **** IP Build 3064653 on Wed Nov 18 14:17:31 MST 2020
    ** Copyright 1986-2020 Xilinx, Inc. All Rights Reserved.

source system_axis_subset_converter_0_0.tcl -notrace
INFO: [IP_Flow 19-234] Refreshing IP repositories
INFO: [IP_Flow 19-1700] Loaded user IP repository 'c:/sources/S3_ES_Fall-23/ES_PYNQ_Z2_Ref/ecen427_v0.4/ecen427.ipdefs/digilent_ip'.
INFO: [IP_Flow 19-2313] Loaded Vivado IP repository 'C:/Xilinx/Vivado/2020.2/data/ip'.
Command: synth_design -top system_axis_subset_converter_0_0 -part xc7z020clg400-1 -mode out_of_context
Starting synth_design
Attempting to get a license for feature 'Synthesis' and/or device 'xc7z020'
INFO: [Common 17-349] Got license for feature 'Synthesis' and/or device 'xc7z020'
INFO: [Device 21-403] Loading part xc7z020clg400-1

*** Running vivado
    with args -log system_axis_subset_converter_0_0.vds -m64 -product Vivado -mode batch -messageDb vivado.pb -notrace -source system_axis_subset_converter_0_0.tcl



****** Vivado v2020.2 (64-bit)
  **** SW Build 3064766 on Wed Nov 18 09:12:45 MST 2020
  **** IP Build 3064653 on Wed Nov 18 14:17:31 MST 2020
    ** Copyright 1986-2020 Xilinx, Inc. All Rights Reserved.

source system_axis_subset_converter_0_0.tcl -notrace
create_project: Time (s): cpu = 00:00:06 ; elapsed = 00:00:10 . Memory (MB): peak = 1104.309 ; gain = 0.000
INFO: [IP_Flow 19-234] Refreshing IP repositories
INFO: [IP_Flow 19-1700] Loaded user IP repository 'c:/sources/S3_ES_Fall-23/ES_PYNQ_Z2_Ref/ecen427_v0.4/ecen427.ipdefs/digilent_ip'.
INFO: [IP_Flow 19-2313] Loaded Vivado IP repository 'C:/Xilinx/Vivado/2020.2/data/ip'.
Command: synth_design -top system_axis_subset_converter_0_0 -part xc7z020clg400-1 -mode out_of_context
Starting synth_design
Attempting to get a license for feature 'Synthesis' and/or device 'xc7z020'
INFO: [Common 17-349] Got license for feature 'Synthesis' and/or device 'xc7z020'
INFO: [Device 21-403] Loading part xc7z020clg400-1
INFO: [Synth 8-7079] Multithreading enabled for synth_design using a maximum of 2 processes.
INFO: [Synth 8-7078] Launching helper process for spawning children vivado processes
INFO: [Synth 8-7075] Helper process launched with PID 2008
---------------------------------------------------------------------------------
Starting RTL Elaboration : Time (s): cpu = 00:00:09 ; elapsed = 00:00:10 . Memory (MB): peak = 1196.141 ; gain = 91.832
---------------------------------------------------------------------------------
INFO: [Synth 8-6157] synthesizing module 'system_axis_subset_converter_0_0' [c:/sources/S3_ES_Fall-23/ES_PYNQ_Z2_Ref/ecen427_v0.4/ecen427.srcs/sources_1/bd/system/ip/system_axis_subset_converter_0_0/synth/system_axis_subset_converter_0_0.v:58]
INFO: [Synth 8-6157] synthesizing module 'top_system_axis_subset_converter_0_0' [c:/sources/S3_ES_Fall-23/ES_PYNQ_Z2_Ref/ecen427_v0.4/ecen427.srcs/sources_1/bd/system/ip/system_axis_subset_converter_0_0/hdl/top_system_axis_subset_converter_0_0.v:60]
	Parameter C_FAMILY bound to: zynq - type: string 
	Parameter C_S_AXIS_TDATA_WIDTH bound to: 24 - type: integer 
	Parameter C_S_AXIS_TID_WIDTH bound to: 1 - type: integer 
	Parameter C_S_AXIS_TDEST_WIDTH bound to: 1 - type: integer 
	Parameter C_S_AXIS_TUSER_WIDTH bound to: 1 - type: integer 
	Parameter C_S_AXIS_SIGNAL_SET bound to: 155 - type: integer 
	Parameter C_M_AXIS_TDATA_WIDTH bound to: 24 - type: integer 
	Parameter C_M_AXIS_TID_WIDTH bound to: 1 - type: integer 
	Parameter C_M_AXIS_TDEST_WIDTH bound to: 1 - type: integer 
	Parameter C_M_AXIS_SIGNAL_SET bound to: 155 - type: integer 
	Parameter C_M_AXIS_TUSER_WIDTH bound to: 1 - type: integer 
	Parameter C_DEFAULT_TLAST bound to: 0 - type: integer 
	Parameter G_INDX_SS_TREADY bound to: 0 - type: integer 
	Parameter G_INDX_SS_TDATA bound to: 1 - type: integer 
	Parameter G_INDX_SS_TSTRB bound to: 2 - type: integer 
	Parameter G_INDX_SS_TKEEP bound to: 3 - type: integer 
	Parameter G_INDX_SS_TLAST bound to: 4 - type: integer 
	Parameter G_INDX_SS_TID bound to: 5 - type: integer 
	Parameter G_INDX_SS_TDEST bound to: 6 - type: integer 
	Parameter G_INDX_SS_TUSER bound to: 7 - type: integer 
	Parameter G_MASK_SS_TREADY bound to: 1 - type: integer 
	Parameter G_MASK_SS_TDATA bound to: 2 - type: integer 
	Parameter G_MASK_SS_TSTRB bound to: 4 - type: integer 
	Parameter G_MASK_SS_TKEEP bound to: 8 - type: integer 
	Parameter G_MASK_SS_TLAST bound to: 16 - type: integer 
	Parameter G_MASK_SS_TID bound to: 32 - type: integer 
	Parameter G_MASK_SS_TDEST bound to: 64 - type: integer 
	Parameter G_MASK_SS_TUSER bound to: 128 - type: integer 
	Parameter G_TASK_SEVERITY_ERR bound to: 2 - type: integer 
	Parameter G_TASK_SEVERITY_WARNING bound to: 1 - type: integer 
	Parameter G_TASK_SEVERITY_INFO bound to: 0 - type: integer 
INFO: [Synth 8-6157] synthesizing module 'axis_subset_converter_v1_1_22_core' [c:/sources/S3_ES_Fall-23/ES_PYNQ_Z2_Ref/ecen427_v0.4/ecen427.srcs/sources_1/bd/system/ipshared/69d9/hdl/axis_subset_converter_v1_1_vl_rfs.v:62]
	Parameter C_FAMILY bound to: zynq - type: string 
	Parameter C_AXIS_TDATA_WIDTH bound to: 24 - type: integer 
	Parameter C_S_AXIS_TID_WIDTH bound to: 1 - type: integer 
	Parameter C_S_AXIS_TDEST_WIDTH bound to: 1 - type: integer 
	Parameter C_AXIS_TUSER_WIDTH bound to: 1 - type: integer 
	Parameter C_S_AXIS_SIGNAL_SET bound to: 155 - type: integer 
	Parameter C_M_AXIS_TID_WIDTH bound to: 1 - type: integer 
	Parameter C_M_AXIS_TDEST_WIDTH bound to: 1 - type: integer 
	Parameter C_M_AXIS_SIGNAL_SET bound to: 155 - type: integer 
	Parameter C_DEFAULT_TLAST bound to: 0 - type: integer 
	Parameter G_INDX_SS_TREADY bound to: 0 - type: integer 
	Parameter G_INDX_SS_TDATA bound to: 1 - type: integer 
	Parameter G_INDX_SS_TSTRB bound to: 2 - type: integer 
	Parameter G_INDX_SS_TKEEP bound to: 3 - type: integer 
	Parameter G_INDX_SS_TLAST bound to: 4 - type: integer 
	Parameter G_INDX_SS_TID bound to: 5 - type: integer 
	Parameter G_INDX_SS_TDEST bound to: 6 - type: integer 
	Parameter G_INDX_SS_TUSER bound to: 7 - type: integer 
	Parameter G_MASK_SS_TREADY bound to: 1 - type: integer 
	Parameter G_MASK_SS_TDATA bound to: 2 - type: integer 
	Parameter G_MASK_SS_TSTRB bound to: 4 - type: integer 
	Parameter G_MASK_SS_TKEEP bound to: 8 - type: integer 
	Parameter G_MASK_SS_TLAST bound to: 16 - type: integer 
	Parameter G_MASK_SS_TID bound to: 32 - type: integer 
	Parameter G_MASK_SS_TDEST bound to: 64 - type: integer 
	Parameter G_MASK_SS_TUSER bound to: 128 - type: integer 
	Parameter G_TASK_SEVERITY_ERR bound to: 2 - type: integer 
	Parameter G_TASK_SEVERITY_WARNING bound to: 1 - type: integer 
	Parameter G_TASK_SEVERITY_INFO bound to: 0 - type: integer 
	Parameter P_SIGNAL_SET_XOR bound to: 32'b00000000000000000000000000000000 
	Parameter P_SIGNAL_SET_ADD bound to: 32'b00000000000000000000000000000000 
	Parameter P_SIGNAL_SET_REM bound to: 32'b00000000000000000000000000000000 
	Parameter P_TLAST_CNTR_WIDTH bound to: 1 - type: integer 
INFO: [Synth 8-6155] done synthesizing module 'axis_subset_converter_v1_1_22_core' (1#1) [c:/sources/S3_ES_Fall-23/ES_PYNQ_Z2_Ref/ecen427_v0.4/ecen427.srcs/sources_1/bd/system/ipshared/69d9/hdl/axis_subset_converter_v1_1_vl_rfs.v:62]
INFO: [Synth 8-6157] synthesizing module 'tdata_system_axis_subset_converter_0_0' [c:/sources/S3_ES_Fall-23/ES_PYNQ_Z2_Ref/ecen427_v0.4/ecen427.srcs/sources_1/bd/system/ip/system_axis_subset_converter_0_0/hdl/tdata_system_axis_subset_converter_0_0.v:48]
	Parameter C_S_AXIS_TDATA_WIDTH bound to: 24 - type: integer 
	Parameter C_S_AXIS_TUSER_WIDTH bound to: 1 - type: integer 
	Parameter C_S_AXIS_TID_WIDTH bound to: 1 - type: integer 
	Parameter C_S_AXIS_TDEST_WIDTH bound to: 1 - type: integer 
	Parameter C_M_AXIS_TDATA_WIDTH bound to: 24 - type: integer 
INFO: [Synth 8-6155] done synthesizing module 'tdata_system_axis_subset_converter_0_0' (2#1) [c:/sources/S3_ES_Fall-23/ES_PYNQ_Z2_Ref/ecen427_v0.4/ecen427.srcs/sources_1/bd/system/ip/system_axis_subset_converter_0_0/hdl/tdata_system_axis_subset_converter_0_0.v:48]
INFO: [Synth 8-6157] synthesizing module 'tuser_system_axis_subset_converter_0_0' [c:/sources/S3_ES_Fall-23/ES_PYNQ_Z2_Ref/ecen427_v0.4/ecen427.srcs/sources_1/bd/system/ip/system_axis_subset_converter_0_0/hdl/tuser_system_axis_subset_converter_0_0.v:48]
	Parameter C_S_AXIS_TUSER_WIDTH bound to: 1 - type: integer 
	Parameter C_S_AXIS_TDATA_WIDTH bound to: 24 - type: integer 
	Parameter C_S_AXIS_TID_WIDTH bound to: 1 - type: integer 
	Parameter C_S_AXIS_TDEST_WIDTH bound to: 1 - type: integer 
	Parameter C_M_AXIS_TUSER_WIDTH bound to: 1 - type: integer 
INFO: [Synth 8-6155] done synthesizing module 'tuser_system_axis_subset_converter_0_0' (3#1) [c:/sources/S3_ES_Fall-23/ES_PYNQ_Z2_Ref/ecen427_v0.4/ecen427.srcs/sources_1/bd/system/ip/system_axis_subset_converter_0_0/hdl/tuser_system_axis_subset_converter_0_0.v:48]
INFO: [Synth 8-6157] synthesizing module 'tid_system_axis_subset_converter_0_0' [c:/sources/S3_ES_Fall-23/ES_PYNQ_Z2_Ref/ecen427_v0.4/ecen427.srcs/sources_1/bd/system/ip/system_axis_subset_converter_0_0/hdl/tid_system_axis_subset_converter_0_0.v:48]
	Parameter C_S_AXIS_TID_WIDTH bound to: 1 - type: integer 
	Parameter C_S_AXIS_TUSER_WIDTH bound to: 1 - type: integer 
	Parameter C_S_AXIS_TDATA_WIDTH bound to: 24 - type: integer 
	Parameter C_S_AXIS_TDEST_WIDTH bound to: 1 - type: integer 
	Parameter C_M_AXIS_TID_WIDTH bound to: 1 - type: integer 
INFO: [Synth 8-6155] done synthesizing module 'tid_system_axis_subset_converter_0_0' (4#1) [c:/sources/S3_ES_Fall-23/ES_PYNQ_Z2_Ref/ecen427_v0.4/ecen427.srcs/sources_1/bd/system/ip/system_axis_subset_converter_0_0/hdl/tid_system_axis_subset_converter_0_0.v:48]
INFO: [Synth 8-6157] synthesizing module 'tdest_system_axis_subset_converter_0_0' [c:/sources/S3_ES_Fall-23/ES_PYNQ_Z2_Ref/ecen427_v0.4/ecen427.srcs/sources_1/bd/system/ip/system_axis_subset_converter_0_0/hdl/tdest_system_axis_subset_converter_0_0.v:48]
	Parameter C_S_AXIS_TDATA_WIDTH bound to: 24 - type: integer 
	Parameter C_S_AXIS_TUSER_WIDTH bound to: 1 - type: integer 
	Parameter C_S_AXIS_TID_WIDTH bound to: 1 - type: integer 
	Parameter C_S_AXIS_TDEST_WIDTH bound to: 1 - type: integer 
	Parameter C_M_AXIS_TDEST_WIDTH bound to: 1 - type: integer 
INFO: [Synth 8-6155] done synthesizing module 'tdest_system_axis_subset_converter_0_0' (5#1) [c:/sources/S3_ES_Fall-23/ES_PYNQ_Z2_Ref/ecen427_v0.4/ecen427.srcs/sources_1/bd/system/ip/system_axis_subset_converter_0_0/hdl/tdest_system_axis_subset_converter_0_0.v:48]
INFO: [Synth 8-6157] synthesizing module 'tstrb_system_axis_subset_converter_0_0' [c:/sources/S3_ES_Fall-23/ES_PYNQ_Z2_Ref/ecen427_v0.4/ecen427.srcs/sources_1/bd/system/ip/system_axis_subset_converter_0_0/hdl/tstrb_system_axis_subset_converter_0_0.v:48]
	Parameter C_S_AXIS_TDATA_WIDTH bound to: 24 - type: integer 
	Parameter C_S_AXIS_TUSER_WIDTH bound to: 1 - type: integer 
	Parameter C_S_AXIS_TID_WIDTH bound to: 1 - type: integer 
	Parameter C_S_AXIS_TDEST_WIDTH bound to: 1 - type: integer 
	Parameter C_M_AXIS_TDATA_WIDTH bound to: 24 - type: integer 
INFO: [Synth 8-6155] done synthesizing module 'tstrb_system_axis_subset_converter_0_0' (6#1) [c:/sources/S3_ES_Fall-23/ES_PYNQ_Z2_Ref/ecen427_v0.4/ecen427.srcs/sources_1/bd/system/ip/system_axis_subset_converter_0_0/hdl/tstrb_system_axis_subset_converter_0_0.v:48]
INFO: [Synth 8-6157] synthesizing module 'tkeep_system_axis_subset_converter_0_0' [c:/sources/S3_ES_Fall-23/ES_PYNQ_Z2_Ref/ecen427_v0.4/ecen427.srcs/sources_1/bd/system/ip/system_axis_subset_converter_0_0/hdl/tkeep_system_axis_subset_converter_0_0.v:48]
	Parameter C_S_AXIS_TDATA_WIDTH bound to: 24 - type: integer 
	Parameter C_S_AXIS_TUSER_WIDTH bound to: 1 - type: integer 
	Parameter C_S_AXIS_TID_WIDTH bound to: 1 - type: integer 
	Parameter C_S_AXIS_TDEST_WIDTH bound to: 1 - type: integer 
	Parameter C_M_AXIS_TDATA_WIDTH bound to: 24 - type: integer 
INFO: [Synth 8-6155] done synthesizing module 'tkeep_system_axis_subset_converter_0_0' (7#1) [c:/sources/S3_ES_Fall-23/ES_PYNQ_Z2_Ref/ecen427_v0.4/ecen427.srcs/sources_1/bd/system/ip/system_axis_subset_converter_0_0/hdl/tkeep_system_axis_subset_converter_0_0.v:48]
INFO: [Synth 8-6157] synthesizing module 'tlast_system_axis_subset_converter_0_0' [c:/sources/S3_ES_Fall-23/ES_PYNQ_Z2_Ref/ecen427_v0.4/ecen427.srcs/sources_1/bd/system/ip/system_axis_subset_converter_0_0/hdl/tlast_system_axis_subset_converter_0_0.v:48]
	Parameter C_S_AXIS_TID_WIDTH bound to: 1 - type: integer 
	Parameter C_S_AXIS_TUSER_WIDTH bound to: 1 - type: integer 
	Parameter C_S_AXIS_TDATA_WIDTH bound to: 24 - type: integer 
	Parameter C_S_AXIS_TDEST_WIDTH bound to: 1 - type: integer 
INFO: [Synth 8-6155] done synthesizing module 'tlast_system_axis_subset_converter_0_0' (8#1) [c:/sources/S3_ES_Fall-23/ES_PYNQ_Z2_Ref/ecen427_v0.4/ecen427.srcs/sources_1/bd/system/ip/system_axis_subset_converter_0_0/hdl/tlast_system_axis_subset_converter_0_0.v:48]
INFO: [Synth 8-6155] done synthesizing module 'top_system_axis_subset_converter_0_0' (9#1) [c:/sources/S3_ES_Fall-23/ES_PYNQ_Z2_Ref/ecen427_v0.4/ecen427.srcs/sources_1/bd/system/ip/system_axis_subset_converter_0_0/hdl/top_system_axis_subset_converter_0_0.v:60]
INFO: [Synth 8-6155] done synthesizing module 'system_axis_subset_converter_0_0' (10#1) [c:/sources/S3_ES_Fall-23/ES_PYNQ_Z2_Ref/ecen427_v0.4/ecen427.srcs/sources_1/bd/system/ip/system_axis_subset_converter_0_0/synth/system_axis_subset_converter_0_0.v:58]
---------------------------------------------------------------------------------
Finished RTL Elaboration : Time (s): cpu = 00:00:11 ; elapsed = 00:00:13 . Memory (MB): peak = 1254.789 ; gain = 150.480
---------------------------------------------------------------------------------
---------------------------------------------------------------------------------
Start Handling Custom Attributes
---------------------------------------------------------------------------------
---------------------------------------------------------------------------------
Finished Handling Custom Attributes : Time (s): cpu = 00:00:12 ; elapsed = 00:00:14 . Memory (MB): peak = 1254.789 ; gain = 150.480
---------------------------------------------------------------------------------
---------------------------------------------------------------------------------
Finished RTL Optimization Phase 1 : Time (s): cpu = 00:00:12 ; elapsed = 00:00:14 . Memory (MB): peak = 1254.789 ; gain = 150.480
---------------------------------------------------------------------------------
Netlist sorting complete. Time (s): cpu = 00:00:00 ; elapsed = 00:00:00.004 . Memory (MB): peak = 1254.789 ; gain = 0.000
INFO: [Project 1-570] Preparing netlist for logic optimization

Processing XDC Constraints
Initializing timing engine
Parsing XDC File [c:/sources/S3_ES_Fall-23/ES_PYNQ_Z2_Ref/ecen427_v0.4/ecen427.srcs/sources_1/bd/system/ip/system_axis_subset_converter_0_0/system_axis_subset_converter_0_0_ooc.xdc] for cell 'inst'
Finished Parsing XDC File [c:/sources/S3_ES_Fall-23/ES_PYNQ_Z2_Ref/ecen427_v0.4/ecen427.srcs/sources_1/bd/system/ip/system_axis_subset_converter_0_0/system_axis_subset_converter_0_0_ooc.xdc] for cell 'inst'
Parsing XDC File [C:/sources/S3_ES_Fall-23/ES_PYNQ_Z2_Ref/ecen427_v0.4/ecen427.runs/system_axis_subset_converter_0_0_synth_1/dont_touch.xdc]
Finished Parsing XDC File [C:/sources/S3_ES_Fall-23/ES_PYNQ_Z2_Ref/ecen427_v0.4/ecen427.runs/system_axis_subset_converter_0_0_synth_1/dont_touch.xdc]
Completed Processing XDC Constraints

Netlist sorting complete. Time (s): cpu = 00:00:00 ; elapsed = 00:00:00 . Memory (MB): peak = 1280.402 ; gain = 0.000
INFO: [Project 1-111] Unisim Transformation Summary:
No Unisim elements were transformed.

Constraint Validation Runtime : Time (s): cpu = 00:00:00 ; elapsed = 00:00:00.035 . Memory (MB): peak = 1291.996 ; gain = 11.594
---------------------------------------------------------------------------------
Finished Constraint Validation : Time (s): cpu = 00:00:26 ; elapsed = 00:00:31 . Memory (MB): peak = 1291.996 ; gain = 187.688
---------------------------------------------------------------------------------
---------------------------------------------------------------------------------
Start Loading Part and Timing Information
---------------------------------------------------------------------------------
Loading part: xc7z020clg400-1
---------------------------------------------------------------------------------
Finished Loading Part and Timing Information : Time (s): cpu = 00:00:26 ; elapsed = 00:00:31 . Memory (MB): peak = 1291.996 ; gain = 187.688
---------------------------------------------------------------------------------
---------------------------------------------------------------------------------
Start Applying 'set_property' XDC Constraints
---------------------------------------------------------------------------------
Applied set_property KEEP_HIERARCHY = SOFT for inst. (constraint file  C:/sources/S3_ES_Fall-23/ES_PYNQ_Z2_Ref/ecen427_v0.4/ecen427.runs/system_axis_subset_converter_0_0_synth_1/dont_touch.xdc, line 9).
---------------------------------------------------------------------------------
Finished applying 'set_property' XDC Constraints : Time (s): cpu = 00:00:26 ; elapsed = 00:00:31 . Memory (MB): peak = 1291.996 ; gain = 187.688
---------------------------------------------------------------------------------
---------------------------------------------------------------------------------
Finished RTL Optimization Phase 2 : Time (s): cpu = 00:00:26 ; elapsed = 00:00:31 . Memory (MB): peak = 1291.996 ; gain = 187.688
---------------------------------------------------------------------------------
---------------------------------------------------------------------------------
Start RTL Component Statistics 
---------------------------------------------------------------------------------
Detailed RTL Component Info : 
---------------------------------------------------------------------------------
Finished RTL Component Statistics 
---------------------------------------------------------------------------------
---------------------------------------------------------------------------------
Start Part Resource Summary
---------------------------------------------------------------------------------
Part Resources:
DSPs: 220 (col length:60)
BRAMs: 280 (col length: RAMB18 60 RAMB36 30)
---------------------------------------------------------------------------------
Finished Part Resource Summary
---------------------------------------------------------------------------------
---------------------------------------------------------------------------------
Start Cross Boundary and Area Optimization
---------------------------------------------------------------------------------
---------------------------------------------------------------------------------
Finished Cross Boundary and Area Optimization : Time (s): cpu = 00:00:30 ; elapsed = 00:00:35 . Memory (MB): peak = 1291.996 ; gain = 187.688
---------------------------------------------------------------------------------
---------------------------------------------------------------------------------
Start Applying XDC Timing Constraints
---------------------------------------------------------------------------------
---------------------------------------------------------------------------------
Finished Applying XDC Timing Constraints : Time (s): cpu = 00:00:40 ; elapsed = 00:00:46 . Memory (MB): peak = 1328.715 ; gain = 224.406
---------------------------------------------------------------------------------
---------------------------------------------------------------------------------
Start Timing Optimization
---------------------------------------------------------------------------------
---------------------------------------------------------------------------------
Finished Timing Optimization : Time (s): cpu = 00:00:40 ; elapsed = 00:00:46 . Memory (MB): peak = 1328.715 ; gain = 224.406
---------------------------------------------------------------------------------
---------------------------------------------------------------------------------
Start Technology Mapping
---------------------------------------------------------------------------------
---------------------------------------------------------------------------------
Finished Technology Mapping : Time (s): cpu = 00:00:40 ; elapsed = 00:00:46 . Memory (MB): peak = 1347.832 ; gain = 243.523
---------------------------------------------------------------------------------
---------------------------------------------------------------------------------
Start IO Insertion
---------------------------------------------------------------------------------
---------------------------------------------------------------------------------
Start Flattening Before IO Insertion
---------------------------------------------------------------------------------
---------------------------------------------------------------------------------
Finished Flattening Before IO Insertion
---------------------------------------------------------------------------------
---------------------------------------------------------------------------------
Start Final Netlist Cleanup
---------------------------------------------------------------------------------
---------------------------------------------------------------------------------
Finished Final Netlist Cleanup
---------------------------------------------------------------------------------
---------------------------------------------------------------------------------
Finished IO Insertion : Time (s): cpu = 00:00:46 ; elapsed = 00:00:52 . Memory (MB): peak = 1354.582 ; gain = 250.273
---------------------------------------------------------------------------------
---------------------------------------------------------------------------------
Start Renaming Generated Instances
---------------------------------------------------------------------------------
---------------------------------------------------------------------------------
Finished Renaming Generated Instances : Time (s): cpu = 00:00:46 ; elapsed = 00:00:52 . Memory (MB): peak = 1354.582 ; gain = 250.273
---------------------------------------------------------------------------------
---------------------------------------------------------------------------------
Start Rebuilding User Hierarchy
---------------------------------------------------------------------------------
---------------------------------------------------------------------------------
Finished Rebuilding User Hierarchy : Time (s): cpu = 00:00:46 ; elapsed = 00:00:52 . Memory (MB): peak = 1354.582 ; gain = 250.273
---------------------------------------------------------------------------------
---------------------------------------------------------------------------------
Start Renaming Generated Ports
---------------------------------------------------------------------------------
---------------------------------------------------------------------------------
Finished Renaming Generated Ports : Time (s): cpu = 00:00:46 ; elapsed = 00:00:52 . Memory (MB): peak = 1354.582 ; gain = 250.273
---------------------------------------------------------------------------------
---------------------------------------------------------------------------------
Start Handling Custom Attributes
---------------------------------------------------------------------------------
---------------------------------------------------------------------------------
Finished Handling Custom Attributes : Time (s): cpu = 00:00:46 ; elapsed = 00:00:52 . Memory (MB): peak = 1354.582 ; gain = 250.273
---------------------------------------------------------------------------------
---------------------------------------------------------------------------------
Start Renaming Generated Nets
---------------------------------------------------------------------------------
---------------------------------------------------------------------------------
Finished Renaming Generated Nets : Time (s): cpu = 00:00:46 ; elapsed = 00:00:52 . Memory (MB): peak = 1354.582 ; gain = 250.273
---------------------------------------------------------------------------------
---------------------------------------------------------------------------------
Start Writing Synthesis Report
---------------------------------------------------------------------------------

Report BlackBoxes: 
+-+--------------+----------+
| |BlackBox name |Instances |
+-+--------------+----------+
+-+--------------+----------+

Report Cell Usage: 
+-+-----+------+
| |Cell |Count |
+-+-----+------+
+-+-----+------+
---------------------------------------------------------------------------------
Finished Writing Synthesis Report : Time (s): cpu = 00:00:46 ; elapsed = 00:00:52 . Memory (MB): peak = 1354.582 ; gain = 250.273
---------------------------------------------------------------------------------
Synthesis finished with 0 errors, 0 critical warnings and 0 warnings.
Synthesis Optimization Runtime : Time (s): cpu = 00:00:29 ; elapsed = 00:00:46 . Memory (MB): peak = 1354.582 ; gain = 213.066
Synthesis Optimization Complete : Time (s): cpu = 00:00:46 ; elapsed = 00:00:52 . Memory (MB): peak = 1354.582 ; gain = 250.273
INFO: [Project 1-571] Translating synthesized netlist
Netlist sorting complete. Time (s): cpu = 00:00:00 ; elapsed = 00:00:00.001 . Memory (MB): peak = 1354.582 ; gain = 0.000
INFO: [Project 1-570] Preparing netlist for logic optimization
INFO: [Opt 31-138] Pushed 0 inverter(s) to 0 load pin(s).
Netlist sorting complete. Time (s): cpu = 00:00:00 ; elapsed = 00:00:00 . Memory (MB): peak = 1376.559 ; gain = 0.000
INFO: [Project 1-111] Unisim Transformation Summary:
No Unisim elements were transformed.

INFO: [Common 17-83] Releasing license: Synthesis
35 Infos, 0 Warnings, 0 Critical Warnings and 0 Errors encountered.
synth_design completed successfully
synth_design: Time (s): cpu = 00:00:59 ; elapsed = 00:01:14 . Memory (MB): peak = 1380.613 ; gain = 276.305
INFO: [Common 17-1381] The checkpoint 'C:/sources/S3_ES_Fall-23/ES_PYNQ_Z2_Ref/ecen427_v0.4/ecen427.runs/system_axis_subset_converter_0_0_synth_1/system_axis_subset_converter_0_0.dcp' has been generated.
WARNING: [Common 17-576] 'use_project_ipc' is deprecated. This option is deprecated and no longer used.
INFO: [Coretcl 2-1648] Added synthesis output to IP cache for IP system_axis_subset_converter_0_0, cache-ID = 7fe6fd8d3f2d34af
INFO: [Common 17-1381] The checkpoint 'C:/sources/S3_ES_Fall-23/ES_PYNQ_Z2_Ref/ecen427_v0.4/ecen427.runs/system_axis_subset_converter_0_0_synth_1/system_axis_subset_converter_0_0.dcp' has been generated.
INFO: [runtcl-4] Executing : report_utilization -file system_axis_subset_converter_0_0_utilization_synth.rpt -pb system_axis_subset_converter_0_0_utilization_synth.pb
INFO: [Common 17-206] Exiting Vivado at Mon Aug 28 09:43:52 2023...
